"../../../../Speed_Hacker 4.25/Content/3D_Models/Bouncer_Mat.uasset" 0
"../../../../Speed_Hacker 4.25/Content/3D_Models/Blue_Emission.uasset" 1
"../../../../Speed_Hacker 4.25/Content/3D_Models/Emission.uasset" 2
"../../../../Speed_Hacker 4.25/Content/3D_Models/Grey_wall.uasset" 3
"../../../../Speed_Hacker 4.25/Content/3D_Models/Red_Emission.uasset" 4
"../../../../Speed_Hacker 4.25/Content/materials/Wall_run.uasset" 5
"../../../../Speed_Hacker 4.25/Content/materials/Wall_Run_Mat.uasset" 6
"../../../../Speed_Hacker 4.25/Content/3D_Models/Special_Wall.uasset" 7
"../../../../Speed_Hacker 4.25/Content/3D_Models/Speed_Hacker_Assets_Arrow.uasset" 8
"../../../../Speed_Hacker 4.25/Content/3D_Models/Speed_Hacker_Assets_Bouncer.uasset" 9
"../../../../Speed_Hacker 4.25/Content/3D_Models/Speed_Hacker_Assets_Bouncer_Particle_Dupli_.uasset" 10
"../../../../Speed_Hacker 4.25/Content/3D_Models/Speed_Hacker_Assets_Cube_001.uasset" 11
"../../../../Speed_Hacker 4.25/Content/3D_Models/White_Emission.uasset" 12
"../../../../Speed_Hacker 4.25/Content/3D_Models/White_Platforme.uasset" 13
"../../../../Speed_Hacker 4.25/Content/StarterContent/Textures/T_MacroVariation.uasset" 14
"../../../../Speed_Hacker 4.25/Content/StarterContent/Textures/T_Tech_Hex_Tile_M.uasset" 15
"../../../../Speed_Hacker 4.25/Content/StarterContent/Textures/T_Tech_Hex_Tile_N.uasset" 16
"../../../../Speed_Hacker 4.25/Content/StarterContent/Materials/M_Tech_Hex_Tile_Pulse.uasset" 17
"../../../Engine/Content/Functions/Engine_MaterialFunctions01/Opacity/CameraDepthFade.uasset" 18
"../../../Engine/Content/EngineMaterials/T_Default_Material_Grid_M.uasset" 19
"../../../Engine/Content/EngineMaterials/T_Default_Material_Grid_N.uasset" 20
"../../../Engine/Content/EngineMaterials/WorldGridMaterial.uasset" 21
"../../../Engine/Content/BasicShapes/Cube.uasset" 22
"../../../../Speed_Hacker 4.25/Content/Enemy/Cube_Test.uasset" 23
"../../../../Speed_Hacker 4.25/Content/FirstPerson/Character/Mesh/SK_Mannequin_Arms_Skeleton.uasset" 24
"../../../../Speed_Hacker 4.25/Content/FirstPerson/Animations/FirstPerson_Idle.uasset" 25
"../../../../Speed_Hacker 4.25/Content/FirstPerson/Animations/FirstPerson_JumpEnd.uasset" 26
"../../../../Speed_Hacker 4.25/Content/FirstPerson/Animations/FirstPerson_JumpLoop.uasset" 27
"../../../../Speed_Hacker 4.25/Content/FirstPerson/Animations/FirstPerson_JumpStart.uasset" 28
"../../../../Speed_Hacker 4.25/Content/FirstPerson/Animations/FirstPerson_Run.uasset" 29
"../../../Engine/Content/EditorBlueprintResources/StandardMacros.uasset" 30
"../../../../Speed_Hacker 4.25/Content/FirstPerson/Animations/FirstPerson_AnimBP.uasset" 31
"../../../../Speed_Hacker 4.25/Content/FirstPerson/Character/Mesh/FirstPersonAnimBlueprint_Copy.uasset" 32
"../../../../Speed_Hacker 4.25/Content/FirstPerson/Character/Textures/UE4_LOGO_CARD.uasset" 33
"../../../../Speed_Hacker 4.25/Content/FirstPerson/FPWeapon/Materials/MaterialLayers/ML_Plastic_Shiny_Beige_LOGO.uasset" 34
"../../../../Speed_Hacker 4.25/Content/FirstPerson/FPWeapon/Materials/MaterialLayers/T_ML_FineRubber.uasset" 35
"../../../../Speed_Hacker 4.25/Content/FirstPerson/FPWeapon/Mesh/SK_FPGun_PhysicsAsset.uasset" 36
"../../../../Speed_Hacker 4.25/Content/FirstPerson/Meshes/BaseMaterial.uasset" 37
"../../../../Speed_Hacker 4.25/Content/FirstPerson/Meshes/CubeMaterialOverride.uasset" 38
"../../../../Speed_Hacker 4.25/Content/FirstPerson/Meshes/FirstPersonProjectileMaterial.uasset" 39
"../../../../Speed_Hacker 4.25/Content/FirstPerson/Meshes/FirstPersonProjectileMesh.uasset" 40
"../../../../Speed_Hacker 4.25/Content/FirstPersonBP/FirstPersonOverview.uasset" 41
"../../../../Speed_Hacker 4.25/Content/Geometry/Meshes/CubeMaterial.uasset" 42
"../../../../Speed_Hacker 4.25/Content/Geometry/Meshes/1M_Cube_Chamfer.uasset" 43
"../../../../Speed_Hacker 4.25/Content/Geometry/Meshes/TemplateFloor.uasset" 44
"../../../../Speed_Hacker 4.25/Content/materials/Try.uasset" 45
"../../../../Speed_Hacker 4.25/Content/materials/Sci_Fi_Floor/TexturesCom_Scifi_Floor_1K_height.uasset" 46
"../../../../Speed_Hacker 4.25/Content/materials/Sci_Fi_wall_02/TexturesCom_Scifi_Panel4_1K_height.uasset" 47
"../../../../Speed_Hacker 4.25/Content/StarterContent/Materials/M_Basic_Wall.uasset" 48
"../../../../Speed_Hacker 4.25/Content/StarterContent/Architecture/Pillar_50x500.uasset" 49
"../../../../Speed_Hacker 4.25/Content/StarterContent/Architecture/Wall_400x300.uasset" 50
"../../../../Speed_Hacker 4.25/Content/StarterContent/Architecture/Wall_400x400.uasset" 51
"../../../../Speed_Hacker 4.25/Content/StarterContent/Architecture/Wall_500x500.uasset" 52
"../../../../Speed_Hacker 4.25/Content/StarterContent/Architecture/Wall_Door_400x400.uasset" 53
"../../../../Speed_Hacker 4.25/Content/StarterContent/Architecture/Wall_Window_400x400.uasset" 54
"../../../../Speed_Hacker 4.25/Content/StarterContent/Audio/Collapse01.uasset" 55
"../../../../Speed_Hacker 4.25/Content/StarterContent/Audio/Collapse02.uasset" 56
"../../../../Speed_Hacker 4.25/Content/StarterContent/Audio/Explosion01.uasset" 57
"../../../../Speed_Hacker 4.25/Content/StarterContent/Audio/Explosion02.uasset" 58
"../../../../Speed_Hacker 4.25/Content/StarterContent/Audio/Fire01.uasset" 59
"../../../../Speed_Hacker 4.25/Content/StarterContent/Audio/Fire_Sparks01.uasset" 60
"../../../../Speed_Hacker 4.25/Content/StarterContent/Audio/Light01.uasset" 61
"../../../../Speed_Hacker 4.25/Content/StarterContent/Audio/Light01_Cue.uasset" 62
"../../../../Speed_Hacker 4.25/Content/StarterContent/Audio/Light02.uasset" 63
"../../../../Speed_Hacker 4.25/Content/StarterContent/Audio/Light02_Cue.uasset" 64
"../../../../Speed_Hacker 4.25/Content/StarterContent/Audio/Smoke01.uasset" 65
"../../../../Speed_Hacker 4.25/Content/StarterContent/Audio/Starter_Birds01.uasset" 66
"../../../../Speed_Hacker 4.25/Content/StarterContent/Audio/Starter_Music01.uasset" 67
"../../../../Speed_Hacker 4.25/Content/StarterContent/Audio/Starter_Wind05.uasset" 68
"../../../../Speed_Hacker 4.25/Content/StarterContent/Audio/Starter_Wind06.uasset" 69
"../../../../Speed_Hacker 4.25/Content/StarterContent/Audio/Steam01.uasset" 70
"../../../../Speed_Hacker 4.25/Content/StarterContent/Audio/Explosion_Cue.uasset" 71
"../../../../Speed_Hacker 4.25/Content/StarterContent/Textures/T_Burst_M.uasset" 72
"../../../../Speed_Hacker 4.25/Content/StarterContent/Particles/Materials/M_Burst.uasset" 73
"../../../../Speed_Hacker 4.25/Content/StarterContent/Textures/T_Explosion_SubUV.uasset" 74
"../../../../Speed_Hacker 4.25/Content/StarterContent/Particles/Materials/M_explosion_subUV.uasset" 75
"../../../../Speed_Hacker 4.25/Content/StarterContent/Particles/Materials/m_flare_01.uasset" 76
"../../../Engine/Content/Functions/Engine_MaterialFunctions01/Gradient/RadialGradient.uasset" 77
"../../../../Speed_Hacker 4.25/Content/StarterContent/Particles/Materials/M_radial_ramp.uasset" 78
"../../../../Speed_Hacker 4.25/Content/StarterContent/Textures/T_Smoke_SubUV.uasset" 79
"../../../../Speed_Hacker 4.25/Content/StarterContent/Textures/T_Smoke_Tiled_D.uasset" 80
"../../../../Speed_Hacker 4.25/Content/StarterContent/Particles/Materials/M_smoke_subUV.uasset" 81
"../../../../Speed_Hacker 4.25/Content/StarterContent/Particles/P_Explosion.uasset" 82
"../../../../Speed_Hacker 4.25/Content/StarterContent/Blueprints/Blueprint_Effect_Explosion.uasset" 83
"../../../Engine/Content/EditorMeshes/ColorCalibrator/T_ColorGrid.uasset" 84
"../../../../Speed_Hacker 4.25/Content/StarterContent/Materials/M_ColorGrid_LowSpec.uasset" 85
"../../../../Speed_Hacker 4.25/Content/StarterContent/Textures/T_Bush_D.uasset" 86
"../../../../Speed_Hacker 4.25/Content/StarterContent/Textures/T_Bush_N.uasset" 87
"../../../../Speed_Hacker 4.25/Content/StarterContent/Props/Materials/M_Bush.uasset" 88
"../../../../Speed_Hacker 4.25/Content/StarterContent/Props/SM_Bush.uasset" 89
"../../../../Speed_Hacker 4.25/Content/StarterContent/Textures/T_Chair_M.uasset" 90
"../../../../Speed_Hacker 4.25/Content/StarterContent/Textures/T_Chair_N.uasset" 91
"../../../../Speed_Hacker 4.25/Content/StarterContent/Props/Materials/M_Chair.uasset" 92
"../../../../Speed_Hacker 4.25/Content/StarterContent/Props/SM_Couch.uasset" 93
"../../../../Speed_Hacker 4.25/Content/StarterContent/Materials/M_Glass.uasset" 94
"../../../../Speed_Hacker 4.25/Content/StarterContent/Textures/T_Door_M.uasset" 95
"../../../../Speed_Hacker 4.25/Content/StarterContent/Textures/T_Door_N.uasset" 96
"../../../../Speed_Hacker 4.25/Content/StarterContent/Props/Materials/M_Door.uasset" 97
"../../../../Speed_Hacker 4.25/Content/StarterContent/Props/SM_Door.uasset" 98
"../../../../Speed_Hacker 4.25/Content/StarterContent/Props/Materials/M_MaterialSphere.uasset" 99
"../../../../Speed_Hacker 4.25/Content/StarterContent/Props/Materials/M_MaterialSphere_Plain.uasset" 100
"../../../../Speed_Hacker 4.25/Content/StarterContent/Props/SM_MatPreviewMesh_02.uasset" 101
"../../../Engine/Content/Functions/Engine_MaterialFunctions02/Utility/BlendAngleCorrectedNormals.uasset" 102
"../../../../Speed_Hacker 4.25/Content/StarterContent/Textures/T_Detail_Rocky_N.uasset" 103
"../../../../Speed_Hacker 4.25/Content/StarterContent/Textures/T_Rock_Basalt_D.uasset" 104
"../../../../Speed_Hacker 4.25/Content/StarterContent/Textures/T_RockMesh_M.uasset" 105
"../../../../Speed_Hacker 4.25/Content/StarterContent/Textures/T_RockMesh_N.uasset" 106
"../../../../Speed_Hacker 4.25/Content/StarterContent/Props/Materials/M_Rock.uasset" 107
"../../../../Speed_Hacker 4.25/Content/StarterContent/Props/SM_Rock.uasset" 108
"../../../../Speed_Hacker 4.25/Content/StarterContent/Textures/T_Shelf_M.uasset" 109
"../../../../Speed_Hacker 4.25/Content/StarterContent/Textures/T_Shelf_N.uasset" 110
"../../../../Speed_Hacker 4.25/Content/StarterContent/Props/Materials/M_Shelf.uasset" 111
"../../../../Speed_Hacker 4.25/Content/StarterContent/Props/SM_Shelf.uasset" 112
"../../../../Speed_Hacker 4.25/Content/StarterContent/Materials/M_Basic_Floor.uasset" 113
"../../../../Speed_Hacker 4.25/Content/StarterContent/Props/SM_Stairs.uasset" 114
"../../../../Speed_Hacker 4.25/Content/StarterContent/Shapes/Shape_Cone.uasset" 115
"../../../../Speed_Hacker 4.25/Content/StarterContent/Shapes/Shape_Cylinder.uasset" 116
"../../../../Speed_Hacker 4.25/Content/StarterContent/Shapes/Shape_NarrowCapsule.uasset" 117
"../../../../Speed_Hacker 4.25/Content/StarterContent/Shapes/Shape_Pipe.uasset" 118
"../../../../Speed_Hacker 4.25/Content/StarterContent/Shapes/Shape_Pipe_180.uasset" 119
"../../../../Speed_Hacker 4.25/Content/StarterContent/Shapes/Shape_Pipe_90.uasset" 120
"../../../../Speed_Hacker 4.25/Content/StarterContent/Shapes/Shape_Plane.uasset" 121
"../../../../Speed_Hacker 4.25/Content/StarterContent/Shapes/Shape_Torus.uasset" 122
"../../../../Speed_Hacker 4.25/Content/StarterContent/Shapes/Shape_Trim.uasset" 123
"../../../../Speed_Hacker 4.25/Content/StarterContent/Shapes/Shape_Trim_90_In.uasset" 124
"../../../../Speed_Hacker 4.25/Content/StarterContent/Shapes/Shape_Trim_90_Out.uasset" 125
"../../../../Speed_Hacker 4.25/Content/StarterContent/Shapes/Shape_TriPyramid.uasset" 126
"../../../../Speed_Hacker 4.25/Content/StarterContent/Shapes/Shape_Tube.uasset" 127
"../../../../Speed_Hacker 4.25/Content/StarterContent/Shapes/Shape_Wedge_A.uasset" 128
"../../../../Speed_Hacker 4.25/Content/StarterContent/Shapes/Shape_Wedge_B.uasset" 129
"../../../../Speed_Hacker 4.25/Content/StarterContent/Shapes/Shape_WideCapsule.uasset" 130
"../../../Engine/Content/Animation/DefaultAnimBoneCompressionSettings.uasset" 131
"../../../Engine/Content/Animation/DefaultAnimCurveCompressionSettings.uasset" 132
"../../../Engine/Content/ArtTools/RenderToTexture/Meshes/S_1_Unit_Plane.uasset" 133
"../../../Engine/Content/EngineMaterials/DefaultMaterial.uasset" 134
"../../../Engine/Content/BasicShapes/Cone.uasset" 135
"../../../Engine/Content/BasicShapes/Plane.uasset" 136
"../../../Engine/Content/BasicShapes/Sphere.uasset" 137
"../../../Engine/Content/EditorLandscapeResources/DataLayer.uasset" 138
"../../../Engine/Content/EditorMaterials/MAT_Groups_Toggle.uasset" 139
"../../../Engine/Content/EditorMaterials/MAT_Groups_Visibility.uasset" 140
"../../../Engine/Content/EditorMaterials/PreviewShadowIndicator.uasset" 141
"../../../Engine/Content/EditorMaterials/PreviewShadowIndicatorMaterial.uasset" 142
"../../../Engine/Content/EditorMaterials/MatineeGroups/MAT_ColorTrack.uasset" 143
"../../../Engine/Content/EditorMaterials/MatineeGroups/MAT_Groups_Anim.uasset" 144
"../../../Engine/Content/EditorMaterials/MatineeGroups/MAT_Groups_AudioMaster.uasset" 145
"../../../Engine/Content/EditorMaterials/MatineeGroups/MAT_Groups_Director.uasset" 146
"../../../Engine/Content/EditorMaterials/MatineeGroups/MAT_Groups_Event.uasset" 147
"../../../Engine/Content/EditorMaterials/MatineeGroups/MAT_Groups_Fade.uasset" 148
"../../../Engine/Content/EditorMaterials/MatineeGroups/MAT_Groups_Float.uasset" 149
"../../../Engine/Content/EditorMaterials/MatineeGroups/MAT_Groups_Move.uasset" 150
"../../../Engine/Content/EditorMaterials/MatineeGroups/MAT_Groups_Slomo.uasset" 151
"../../../Engine/Content/EditorMaterials/MatineeGroups/MAT_Groups_Sound.uasset" 152
"../../../Engine/Content/EditorMaterials/MatineeGroups/MAT_Groups_Vector.uasset" 153
"../../../Engine/Content/EditorMaterials/ParticleSystems/PSysThumbnail_NoImage.uasset" 154
"../../../Engine/Content/EditorMaterials/ParticleSystems/PSysThumbnail_OOD.uasset" 155
"../../../Engine/Content/EditorMaterials/Camera/CineMat.uasset" 156
"../../../Engine/Content/EditorMaterials/Camera/MI_CineMat_Rig.uasset" 157
"../../../Engine/Content/EditorMeshes/Camera/SM_CraneRig_Arm.uasset" 158
"../../../Engine/Content/EditorMeshes/Camera/SM_CraneRig_Base.uasset" 159
"../../../Engine/Content/EditorMeshes/Camera/SM_CraneRig_Body.uasset" 160
"../../../Engine/Content/EditorMeshes/Camera/SM_CraneRig_Mount.uasset" 161
"../../../Engine/Content/EditorMeshes/Camera/SM_RailRig_Mount.uasset" 162
"../../../Engine/Content/EditorMeshes/Camera/SM_RailRig_Track.uasset" 163
"../../../Engine/Content/EditorResources/BSPVertex.uasset" 164
"../../../Engine/Content/EditorResources/EmptyActor.uasset" 165
"../../../Engine/Content/EditorResources/S_Actor.uasset" 166
"../../../Engine/Content/EditorResources/S_Note.uasset" 167
"../../../Engine/Content/EditorResources/S_Solver.uasset" 168
"../../../Engine/Content/EditorResources/S_Trigger.uasset" 169
"../../../Engine/Content/EditorResources/AudioIcons/S_AudioComponent.uasset" 170
"../../../Engine/Content/EditorResources/AudioIcons/S_AudioComponent_AutoActivate.uasset" 171
"../../../Engine/Content/EditorResources/LightIcons/S_LightError.uasset" 172
"../../../Engine/Content/EditorResources/SequenceRecorder/Countdown.uasset" 173
"../../../Engine/Content/EditorResources/SequenceRecorder/RecordingIndicator.uasset" 174
"../../../Engine/Content/EditorSounds/Notifications/CompileFailed.uasset" 175
"../../../Engine/Content/EditorSounds/Notifications/CompileFailed_Cue.uasset" 176
"../../../Engine/Content/EditorSounds/Notifications/CompileSuccess.uasset" 177
"../../../Engine/Content/EditorSounds/Notifications/CompileStart_Cue.uasset" 178
"../../../Engine/Content/EditorSounds/Notifications/CompileSuccess_Cue.uasset" 179
"../../../Engine/Content/EngineDamageTypes/DmgTypeBP_Environmental.uasset" 180
"../../../Engine/Content/EngineDebugMaterials/DebugEditorMaterial.uasset" 181
"../../../Engine/Content/EngineDebugMaterials/DebugMeshMaterial.uasset" 182
"../../../Engine/Content/EngineDebugMaterials/M_SimpleUnlitTranslucent.uasset" 183
"../../../Engine/Content/Functions/Engine_MaterialFunctions02/Utility/CameraDirectionVector.uasset" 184
"../../../Engine/Content/EngineDebugMaterials/VolumeToRender.uasset" 185
"../../../Engine/Content/EngineDebugMaterials/M_VolumeRenderSphereTracePP.uasset" 186
"../../../Engine/Content/EngineDebugMaterials/WireframeMaterial.uasset" 187
"../../../Engine/Content/EngineFonts/Faces/DroidSansFallback.uasset" 188
"../../../Engine/Content/EngineFonts/Faces/RobotoBold.uasset" 189
"../../../Engine/Content/EngineFonts/Faces/RobotoBoldItalic.uasset" 190
"../../../Engine/Content/EngineFonts/Faces/RobotoItalic.uasset" 191
"../../../Engine/Content/EngineFonts/Faces/RobotoLight.uasset" 192
"../../../Engine/Content/EngineFonts/Faces/RobotoRegular.uasset" 193
"../../../Engine/Content/EngineFonts/Roboto.uasset" 194
"../../../Engine/Content/EngineMaterials/BaseFlattenDiffuseMap.uasset" 195
"../../../Engine/Content/EngineMaterials/BaseFlattenEmissiveMap.uasset" 196
"../../../Engine/Content/EngineMaterials/BaseFlattenGrayscaleMap.uasset" 197
"../../../Engine/Content/EngineMaterials/BaseFlattenNormalMap.uasset" 198
"../../../Engine/Content/EngineMaterials/BaseFlattenMaterial.uasset" 199
"../../../Engine/Content/EngineMaterials/BlueNoise.uasset" 200
"../../../Engine/Content/EngineMaterials/DefaultBloomKernel.uasset" 201
"../../../Engine/Content/EngineMaterials/DefaultBokeh.uasset" 202
"../../../Engine/Content/EngineMaterials/DefaultDiffuse.uasset" 203
"../../../Engine/Content/EngineMaterials/DefaultDeferredDecalMaterial.uasset" 204
"../../../Engine/Content/EngineMaterials/DefaultLightFunctionMaterial.uasset" 205
"../../../Engine/Content/EngineMaterials/DefaultPhysicalMaterial.uasset" 206
"../../../Engine/Content/Functions/Engine_MaterialFunctions02/Utility/BreakOutFloat2Components.uasset" 207
"../../../Engine/Content/EngineMaterials/DefaultPostProcessMaterial.uasset" 208
"../../../Engine/Content/EngineFonts/RobotoDistanceField.uasset" 209
"../../../Engine/Content/EngineMaterials/DefaultTextMaterialOpaque.uasset" 210
"../../../Engine/Content/EngineMaterials/DefaultWhiteGrid.uasset" 211
"../../../Engine/Content/EngineMaterials/DefaultWhiteGrid_Low.uasset" 212
"../../../Engine/Content/EngineMaterials/EmissiveMeshMaterial.uasset" 213
"../../../Engine/Content/EngineMaterials/GizmoMaterial.uasset" 214
"../../../Engine/Content/EngineMaterials/MiniFont.uasset" 215
"../../../Engine/Content/EngineMaterials/InvalidLightmapSettings.uasset" 216
"../../../Engine/Content/EngineMaterials/M_InvalidLightmapSettings.uasset" 217
"../../../Engine/Content/Functions/Engine_MaterialFunctions02/WorldPositionOffset/CameraOffset.uasset" 218
"../../../Engine/Content/EngineMaterials/PhAT_JointLimitMaterial.uasset" 219
"../../../Engine/Content/EngineMaterials/PreintegratedSkinBRDF.uasset" 220
"../../../Engine/Content/EngineMaterials/RemoveSurfaceMaterial.uasset" 221
"../../../Engine/Content/EngineMaterials/WeightMapPlaceholderTexture.uasset" 222
"../../../Engine/Content/EngineResources/WhiteSquareTexture.uasset" 223
"../../../Engine/Content/EngineMaterials/Widget3DPassThrough.uasset" 224
"../../../Engine/Content/EngineMaterials/Widget3DPassThrough_Masked.uasset" 225
"../../../Engine/Content/EngineMaterials/Widget3DPassThrough_Opaque.uasset" 226
"../../../Engine/Content/EngineMaterials/Widget3DPassThrough_Masked_OneSided.uasset" 227
"../../../Engine/Content/EngineMaterials/Widget3DPassThrough_Opaque_OneSided.uasset" 228
"../../../Engine/Content/EngineMaterials/Widget3DPassThrough_Translucent.uasset" 229
"../../../Engine/Content/EngineMaterials/Widget3DPassThrough_Translucent_OneSided.uasset" 230
"../../../Engine/Content/EngineMeshes/Cylinder.uasset" 231
"../../../Engine/Content/EngineMeshes/Sphere.uasset" 232
"../../../Engine/Content/EngineResources/Black.uasset" 233
"../../../Engine/Content/EngineResources/DefaultTextureCube.uasset" 234
"../../../Engine/Content/EngineResources/DefaultVolumeTexture2D.uasset" 235
"../../../Engine/Content/EngineResources/DefaultVolumeTexture.uasset" 236
"../../../Engine/Content/EngineResources/GradientTexture0.uasset" 237
"../../../Engine/Content/EngineSounds/Master.uasset" 238
"../../../Engine/Content/Functions/Engine_MaterialFunctions01/Shading/ConvertFromDiffSpec.uasset" 239
"../../../Engine/Content/Functions/Engine_MaterialFunctions01/Shading/PowerToRoughness.uasset" 240
"../../../Engine/Content/Maps/Templates/Thumbnails/Default.uasset" 241
"../../../Engine/Content/Maps/Templates/Thumbnails/TimeOfDay.uasset" 242
"../../../Engine/Content/Maps/Templates/Thumbnails/VR-Basic.uasset" 243
"../../../Engine/Content/MobileResources/T_MobileControls_texture.uasset" 244
"../../../Engine/Content/MobileResources/T_MobileMenu2.uasset" 245
"../../../Engine/Content/MobileResources/HUD/AnalogHat.uasset" 246
"../../../Engine/Content/MobileResources/HUD/VirtualJoystick_Background.uasset" 247
"../../../Engine/Content/MobileResources/HUD/VirtualJoystick_Thumb.uasset" 248
"../../../Engine/Content/MobileResources/HUD/DefaultVirtualJoysticks.uasset" 249
"../../../Engine/Content/MobileResources/HUD/LeftVirtualJoystickOnly.uasset" 250
"../../../Engine/Content/MobileResources/HUD/MobileHUDButton1_off.uasset" 251
"../../../Engine/Content/MobileResources/HUD/MobileHUDButton1_on.uasset" 252
"../../../Engine/Content/MobileResources/HUD/MobileHUDButton2_off.uasset" 253
"../../../Engine/Content/MobileResources/HUD/MobileHUDButton2_on.uasset" 254
"../../../Engine/Content/MobileResources/HUD/MobileHUDButton3.uasset" 255
"../../../Engine/Content/MobileResources/HUD/MobileHUDButtonFire.uasset" 256
"../../../Engine/Content/MobileResources/HUD/MobileHUDDirectionPad.uasset" 257
"../../../Engine/Content/MobileResources/HUD/MobileHUDDirectionPad2.uasset" 258
"../../../Engine/Content/MobileResources/HUD/MobileHUDDirectionPad3.uasset" 259
"../../../Engine/Content/MobileResources/HUD/MobileHUDDirectionStick.uasset" 260
"../../../Engine/Content/MobileResources/HUD/T_Castle_ThumbstickInner.uasset" 261
"../../../Engine/Content/MobileResources/HUD/T_Castle_ThumbstickOutter.uasset" 262
"../../../Engine/Content/Tutorial/ContentIntroCurve.uasset" 263
"../../../Engine/Content/Tutorial/Basics/LevelEditorAttract.uasset" 264
"../../../Engine/Content/Tutorial/Basics/TutorialAssets/icon_tab_Levels_40x.uasset" 265
"../../../Engine/Content/Tutorial/Basics/LevelEditorOverview.uasset" 266
"../../../Engine/Content/Tutorial/BlueprintTutorials/TutorialAssets/Blueprint_64x.uasset" 267
"../../../Engine/Content/Tutorial/BlueprintTutorials/BlueprintEditorTutorial.uasset" 268
"../../../Engine/Content/Tutorial/Foliage/TutorialAssets/Foliage.uasset" 269
"../../../Engine/Content/Tutorial/Foliage/Foliage_Intro_Tutorial.uasset" 270
"../../../Engine/Content/Tutorial/Foliage/Foliage_Settings_Tutorial.uasset" 271
"../../../Engine/Content/Tutorial/Foliage/Foliage_Using_The_Tool_Tutorial.uasset" 272
"../../../Engine/Content/Tutorial/Landscape/TutorialAssets/Landscape.uasset" 273
"../../../Engine/Content/Tutorial/Landscape/LandscapeWalkThrough.uasset" 274
"../../../Engine/Content/Tutorial/Landscape/Landscape_Manage_Mode.uasset" 275
"../../../Engine/Content/Tutorial/Landscape/Landscape_Painting_Mode.uasset" 276
"../../../Engine/Content/Tutorial/Landscape/Landscape_Sculpt_Mode.uasset" 277
"../../../Engine/Content/VREditor/LaserPointer/VR_LaserPower_01.uasset" 278
"../../../Engine/Content/VREditor/TransformGizmo/TransformGizmoMaterial.uasset" 279
"../../../Engine/Content/VREditor/TransformGizmo/TranslucentTransformGizmoMaterial.uasset" 280
"../../../Engine/Content/VREditor/TransformGizmo/BoundingBoxCorner.uasset" 281
"../../../Engine/Content/VREditor/TransformGizmo/BoundingBoxEdge.uasset" 282
"../../../Engine/Content/VREditor/TransformGizmo/PlaneTranslationHandle.uasset" 283
"../../../Engine/Content/VREditor/TransformGizmo/Main.uasset" 284
"../../../Engine/Content/VREditor/TransformGizmo/Xray.uasset" 285
"../../../Engine/Content/VREditor/TransformGizmo/SM_Sequencer_Key.uasset" 286
"../../../Engine/Content/VREditor/TransformGizmo/SM_Sequencer_Node.uasset" 287
"../../Plugins/2D/Paper2D/Content/PlaceholderTextures/DummySpriteTexture.uasset" 288
"../../Plugins/2D/Paper2D/Content/DummySprite.uasset" 289
"../../Plugins/2D/Paper2D/Content/DefaultPaperTerrainMaterial.uasset" 290
"../../Plugins/2D/Paper2D/Content/DefaultSpriteMaterial.uasset" 291
"../../Plugins/2D/Paper2D/Content/MaskedUnlitSpriteMaterial.uasset" 292
"../../Plugins/2D/Paper2D/Content/OpaqueUnlitSpriteMaterial.uasset" 293
"../../Plugins/FX/Niagara/Content/Enums/ENiagaraBooleanLogicOps.uasset" 294
"../../Plugins/FX/Niagara/Content/Enums/ENiagaraCoordinateSpace.uasset" 295
"../../Plugins/FX/Niagara/Content/Enums/ENiagaraExpansionMode.uasset" 296
"../../Plugins/FX/Niagara/Content/Enums/ENiagaraOrientationAxis.uasset" 297
"../../Plugins/FX/Niagara/Content/Enums/ENiagaraRandomnessMode.uasset" 298
"../../../Engine/Content/Functions/Engine_MaterialFunctions02/Utility/BreakOutFloat4Components.uasset" 299
"../../../Engine/Content/Functions/Engine_MaterialFunctions02/Utility/MakeFloat2.uasset" 300
"../../../Engine/Content/Functions/Engine_MaterialFunctions02/Utility/MakeFloat3.uasset" 301
"../../Plugins/Runtime/Oculus/OculusVR/Content/Materials/OculusMR_ChromaKey.uasset" 302
"../../Plugins/Runtime/Oculus/OculusVR/Content/Materials/OculusMR_ChromaKey_Lit.uasset" 303
"../../Plugins/Runtime/Oculus/OculusVR/Content/Materials/OculusMR_OpaqueColoredMaterial.uasset" 304
"../../Plugins/Runtime/Oculus/OculusVR/Content/Materials/OculusMR_WhiteMaterial.uasset" 305
"../../../../Speed_Hacker 4.25/Content/FirstPerson/Animations/FirstPerson_Fire.uasset" 306
"../../../../Speed_Hacker 4.25/Content/FirstPerson/Animations/FirstPersonFire_Montage.uasset" 307
"../../../../Speed_Hacker 4.25/Content/3D_Models/Rifl_AmmoBullet_Blue_rifle.uasset" 308
"../../../../Speed_Hacker 4.25/Content/FXVarietyPack/Textures/T_ky_bg_LC.uasset" 309
"../../../../Speed_Hacker 4.25/Content/FXVarietyPack/Materials/M_ky_subUV_dynRGB.uasset" 310
"../../../../Speed_Hacker 4.25/Content/FXVarietyPack/Textures/T_ky_flare25_4x4.uasset" 311
"../../../../Speed_Hacker 4.25/Content/FXVarietyPack/Materials/MI_ky_flare25_4x4.uasset" 312
"../../../Engine/Content/Functions/Engine_MaterialFunctions01/Density/ExponentialDensity.uasset" 313
"../../../Engine/Content/Functions/Engine_MaterialFunctions01/Gradient/RadialGradientExponential.uasset" 314
"../../../Engine/Content/Functions/Engine_MaterialFunctions02/Fresnel_Function.uasset" 315
"../../../../Speed_Hacker 4.25/Content/FXVarietyPack/Textures/T_ky_noise6.uasset" 316
"../../../../Speed_Hacker 4.25/Content/FXVarietyPack/Materials/M_ky_primitive.uasset" 317
"../../../../Speed_Hacker 4.25/Content/FXVarietyPack/Materials/MI_ky_primitive2b_trs.uasset" 318
"../../../../Speed_Hacker 4.25/Content/FXVarietyPack/Particles/P_ky_hit1.uasset" 319
"../../../../Speed_Hacker 4.25/Content/FirstPersonBP/Blueprints/FirstPersonProjectile.uasset" 320
"../../../../Speed_Hacker 4.25/Content/FirstPerson/Audio/FirstPersonTemplateWeaponFire02.uasset" 321
"../../../Engine/Content/Functions/MaterialLayerFunctions/MatLayerBlend_NormalBlend.uasset" 322
"../../../Engine/Content/Functions/MaterialLayerFunctions/MatLayerBlend_Simple.uasset" 323
"../../../../Speed_Hacker 4.25/Content/FirstPerson/Character/Materials/MaterialLayers/T_ML_Rubber_Blue_01_D.uasset" 324
"../../../../Speed_Hacker 4.25/Content/FirstPerson/Character/Materials/MaterialLayers/T_ML_Rubber_Blue_01_N.uasset" 325
"../../../../Speed_Hacker 4.25/Content/FirstPerson/Character/Materials/MaterialLayers/ML_GlossyBlack_Latex_UE4.uasset" 326
"../../../../Speed_Hacker 4.25/Content/FirstPerson/Character/Materials/MaterialLayers/ML_Plastic_Shiny_Beige.uasset" 327
"../../../../Speed_Hacker 4.25/Content/FirstPerson/Character/Materials/MaterialLayers/ML_Plastic_Shiny_Beige_LOGO.uasset" 328
"../../../../Speed_Hacker 4.25/Content/FirstPerson/Character/Materials/MaterialLayers/T_ML_Aluminum01.uasset" 329
"../../../../Speed_Hacker 4.25/Content/FirstPerson/Character/Materials/MaterialLayers/T_ML_Aluminum01_N.uasset" 330
"../../../../Speed_Hacker 4.25/Content/FirstPerson/Character/Materials/MaterialLayers/ML_SoftMetal_UE4.uasset" 331
"../../../../Speed_Hacker 4.25/Content/FirstPerson/Character/Textures/UE4_Mannequin__normals.uasset" 332
"../../../../Speed_Hacker 4.25/Content/FirstPerson/Character/Textures/UE4_Mannequin_MAT_MASKA.uasset" 333
"../../../../Speed_Hacker 4.25/Content/FirstPerson/Character/Materials/M_UE4Man_Body.uasset" 334
"../../../../Speed_Hacker 4.25/Content/FirstPerson/Character/Mesh/SK_Mannequin_Arms_PhysicsAsset.uasset" 335
"../../../../Speed_Hacker 4.25/Content/FirstPerson/Character/Mesh/SK_Mannequin_Arms.uasset" 336
"../../../../Speed_Hacker 4.25/Content/FirstPerson/FPWeapon/Materials/MaterialLayers/T_ML_Rubber_Blue_01_D.uasset" 337
"../../../../Speed_Hacker 4.25/Content/FirstPerson/FPWeapon/Materials/MaterialLayers/T_ML_Rubber_Blue_01_N.uasset" 338
"../../../../Speed_Hacker 4.25/Content/FirstPerson/FPWeapon/Materials/MaterialLayers/ML_GlossyBlack_Latex_UE4.uasset" 339
"../../../../Speed_Hacker 4.25/Content/FirstPerson/FPWeapon/Materials/MaterialLayers/ML_Plastic_Shiny_Beige.uasset" 340
"../../../../Speed_Hacker 4.25/Content/FirstPerson/FPWeapon/Materials/MaterialLayers/ML_Screen.uasset" 341
"../../../../Speed_Hacker 4.25/Content/FirstPerson/FPWeapon/Materials/MaterialLayers/T_ML_Aluminum01.uasset" 342
"../../../../Speed_Hacker 4.25/Content/FirstPerson/FPWeapon/Materials/MaterialLayers/T_ML_Aluminum01_N.uasset" 343
"../../../../Speed_Hacker 4.25/Content/FirstPerson/FPWeapon/Materials/MaterialLayers/ML_SoftMetal_UE4.uasset" 344
"../../../../Speed_Hacker 4.25/Content/FirstPerson/FPWeapon/Textures/T_FPGun_M.uasset" 345
"../../../../Speed_Hacker 4.25/Content/FirstPerson/FPWeapon/Textures/T_FPGun_N.uasset" 346
"../../../../Speed_Hacker 4.25/Content/FirstPerson/FPWeapon/Materials/M_FPGun.uasset" 347
"../../../../Speed_Hacker 4.25/Content/FirstPerson/FPWeapon/Mesh/SK_FPGun_Skeleton.uasset" 348
"../../../../Speed_Hacker 4.25/Content/FirstPerson/FPWeapon/Mesh/SK_FPGun.uasset" 349
"../../../../Speed_Hacker 4.25/Content/FirstPersonBP/Blueprints/FirstPersonCharacter.uasset" 350
"../../../../Speed_Hacker 4.25/Content/FirstPerson/Textures/FirstPersonCrosshair.uasset" 351
"../../../../Speed_Hacker 4.25/Content/FirstPersonBP/Blueprints/FirstPersonHUD.uasset" 352
"../../../../Speed_Hacker 4.25/Content/FirstPersonBP/Blueprints/FirstPersonGameMode.uasset" 353
"../../../../Speed_Hacker 4.25/Content/3D_Models/Orange_Emission.uasset" 354
"../../../../Speed_Hacker 4.25/Content/Geometry/Meshes/1M_Cube.uasset" 355
"../../../../Speed_Hacker 4.25/Content/Item/BP_Bouncer.uasset" 356
"../../../../Speed_Hacker 4.25/Content/materials/Sci_Fi_wall_02/TexturesCom_Scifi_Panel4_1K_albedo.uasset" 357
"../../../../Speed_Hacker 4.25/Content/materials/Sci_Fi_wall_02/TexturesCom_Scifi_Panel4_1K_emissive.uasset" 358
"../../../../Speed_Hacker 4.25/Content/materials/Sci_Fi_wall_02/TexturesCom_Scifi_Panel4_1K_metallic.uasset" 359
"../../../../Speed_Hacker 4.25/Content/materials/Sci_Fi_wall_02/TexturesCom_Scifi_Panel4_1K_normal.uasset" 360
"../../../../Speed_Hacker 4.25/Content/materials/Sci_Fi_wall_02/TexturesCom_Scifi_Panel4_1K_roughness.uasset" 361
"../../../../Speed_Hacker 4.25/Content/materials/Sci_Fi_Wall_2.uasset" 362
"../../../../Speed_Hacker 4.25/Content/materials/Sci_Fi_Wall_2_Inst.uasset" 363
"../../../../Speed_Hacker 4.25/Content/Item/BP_Righ_Door.uasset" 364
"../../../../Speed_Hacker 4.25/Content/Item/BP_Righ_Door1.uasset" 365
"../../../../Speed_Hacker 4.25/Content/3D_Models/Material.uasset" 366
"../../../../Speed_Hacker 4.25/Content/3D_Models/Material_001.uasset" 367
"../../../../Speed_Hacker 4.25/Content/3D_Models/Horizontal_asset.uasset" 368
"../../../../Speed_Hacker 4.25/Content/Item/BP_Speed_Platform.uasset" 369
"../../../../Speed_Hacker 4.25/Content/FirstPersonBP/Maps/FirstPersonExampleMap_BuiltData.uasset" 370
"../../../Engine/Content/BasicShapes/BasicShapeMaterial.uasset" 371
"../../../../Speed_Hacker 4.25/Content/3D_Models/Black_Metal.uasset" 372
"../../../../Speed_Hacker 4.25/Content/3D_Models/Green_Emission.uasset" 373
"../../../../Speed_Hacker 4.25/Content/3D_Models/Grey_Metal.uasset" 374
"../../../../Speed_Hacker 4.25/Content/3D_Models/Normal_Wall.uasset" 375
"../../../../Speed_Hacker 4.25/Content/3D_Models/Pink_Emission.uasset" 376
"../../../../Speed_Hacker 4.25/Content/3D_Models/White_Emission1.uasset" 377
"../../../../Speed_Hacker 4.25/Content/3D_Models/Yellow_Emission.uasset" 378
"../../../../Speed_Hacker 4.25/Content/materials/Old_metal.uasset" 379
"../../../../Speed_Hacker 4.25/Content/materials/Old_Metal_Item.uasset" 380
"../../../../Speed_Hacker 4.25/Content/materials/Sci_Fi_Floor/TexturesCom_Scifi_Floor_1K_albedo.uasset" 381
"../../../../Speed_Hacker 4.25/Content/materials/Sci_Fi_Floor/TexturesCom_Scifi_Floor_1K_ao.uasset" 382
"../../../../Speed_Hacker 4.25/Content/materials/Sci_Fi_Floor/TexturesCom_Scifi_Floor_1K_emissive.uasset" 383
"../../../../Speed_Hacker 4.25/Content/materials/Sci_Fi_Floor/TexturesCom_Scifi_Floor_1K_metallic.uasset" 384
"../../../../Speed_Hacker 4.25/Content/materials/Sci_Fi_Floor/TexturesCom_Scifi_Floor_1K_normal.uasset" 385
"../../../../Speed_Hacker 4.25/Content/materials/Sci_Fi_Floor/TexturesCom_Scifi_Floor_1K_roughness.uasset" 386
"../../../../Speed_Hacker 4.25/Content/materials/Sci_Fi_Floor.uasset" 387
"../../../../Speed_Hacker 4.25/Content/materials/Sci_Fi_Wall/TexturesCom_Scifi_Panel_4K_albedo.uasset" 388
"../../../../Speed_Hacker 4.25/Content/materials/Sci_Fi_Wall/TexturesCom_Scifi_Panel_4K_ao.uasset" 389
"../../../../Speed_Hacker 4.25/Content/materials/Sci_Fi_Wall/TexturesCom_Scifi_Panel_4K_metallic.uasset" 390
"../../../../Speed_Hacker 4.25/Content/materials/Sci_Fi_Wall/TexturesCom_Scifi_Panel_4K_normal.uasset" 391
"../../../../Speed_Hacker 4.25/Content/materials/Sci_Fi_Wall/TexturesCom_Scifi_Panel_4K_roughness.uasset" 392
"../../../../Speed_Hacker 4.25/Content/materials/Wall_Sci_Fi.uasset" 393
"../../../../Speed_Hacker 4.25/Content/StarterContent/Materials/M_Metal_Brushed_Nickel.uasset" 394
"../../../../Speed_Hacker 4.25/Content/StarterContent/Textures/T_Metal_Steel_D.uasset" 395
"../../../../Speed_Hacker 4.25/Content/StarterContent/Textures/T_Tech_Panel_M.uasset" 396
"../../../../Speed_Hacker 4.25/Content/StarterContent/Textures/T_Tech_Panel_N.uasset" 397
"../../../../Speed_Hacker 4.25/Content/StarterContent/Materials/M_Tech_Panel.uasset" 398
"../../../../Speed_Hacker 4.25/Content/materials/Sci_Fi_Floor_Inst.uasset" 399
"../../../../Speed_Hacker 4.25/Content/materials/Wall_Sci_Fi_Inst.uasset" 400
"../../../Engine/Content/BasicShapes/Cylinder.uasset" 401
"../../../../Speed_Hacker 4.25/Content/3D_Models/Gun_ammo.uasset" 402
"../../../../Speed_Hacker 4.25/Content/3D_Models/Shotgun_ammo.uasset" 403
"../../../../Speed_Hacker 4.25/Content/3D_Models/Sniper_Ammo.uasset" 404
"../../../../Speed_Hacker 4.25/Content/3D_Models/Speed_Hacker_Assets_Cube.uasset" 405
"../../../../Speed_Hacker 4.25/Content/3D_Models/Speed_Hacker_Assets_Cube_002.uasset" 406
"../../../../Speed_Hacker 4.25/Content/3D_Models/Speed_Hacker_Assets_Cube_003.uasset" 407
"../../../../Speed_Hacker 4.25/Content/3D_Models/Speed_Hacker_Assets_Icosphere.uasset" 408
"../../../../Speed_Hacker 4.25/Content/3D_Models/Speed_Hacker_Assets_Icosphere_001.uasset" 409
"../../../../Speed_Hacker 4.25/Content/3D_Models/Speed_Hacker_Assets_Icosphere_002.uasset" 410
"../../../../Speed_Hacker 4.25/Content/3D_Models/Speed_Hacker_Assets_Icosphere_003.uasset" 411
"../../../../Speed_Hacker 4.25/Content/3D_Models/Speed_Hacker_Assets_Icosphere_004.uasset" 412
"../../../../Speed_Hacker 4.25/Content/3D_Models/Emission_.uasset" 413
"../../../../Speed_Hacker 4.25/Content/3D_Models/Metal.uasset" 414
"../../../../Speed_Hacker 4.25/Content/3D_Models/Wall_run.uasset" 415
"../../../../Speed_Hacker 4.25/Content/FirstPersonBP/Maps/FirstPersonExampleMap.umap" 416
"../../../../Speed_Hacker 4.25/Content/FXVarietyPack/Materials/M_ky_empty.uasset" 417
"../../../../Speed_Hacker 4.25/Content/FXVarietyPack/Textures/T_ky_flare_a.uasset" 418
"../../../../Speed_Hacker 4.25/Content/FXVarietyPack/Materials/M_ky_flare_flash.uasset" 419
"../../../Engine/Content/Functions/Engine_MaterialFunctions02/Texturing/ScreenAlignedPixelToPixelUVs.uasset" 420
"../../../Engine/Content/EngineMaterials/Good64x64TilingNoiseHighFreq.uasset" 421
"../../../Engine/Content/Functions/Engine_MaterialFunctions02/Utility/DitherTemporalAA.uasset" 422
"../../../../Speed_Hacker 4.25/Content/FXVarietyPack/Textures/T_ky_stone02_2x2.uasset" 423
"../../../../Speed_Hacker 4.25/Content/FXVarietyPack/Materials/M_ky_stone02.uasset" 424
"../../../Engine/Content/Functions/Engine_MaterialFunctions01/Gradient/LinearGradient.uasset" 425
"../../../Engine/Content/Functions/Engine_MaterialFunctions03/Texturing/TwoSidedTexturing.uasset" 426
"../../../Engine/Content/EngineResources/DefaultTexture.uasset" 427
"../../../../Speed_Hacker 4.25/Content/FXVarietyPack/Textures/T_ky_maskRGB3.uasset" 428
"../../../../Speed_Hacker 4.25/Content/FXVarietyPack/Materials/Mfunction/MF_ky_AddHilight.uasset" 429
"../../../../Speed_Hacker 4.25/Content/FXVarietyPack/Materials/Mfunction/MF_ky_MaskToTopUnder.uasset" 430
"../../../../Speed_Hacker 4.25/Content/FXVarietyPack/Textures/T_ky_noise5.uasset" 431
"../../../../Speed_Hacker 4.25/Content/FXVarietyPack/Materials/Mfunction/MF_ky_TexController.uasset" 432
"../../../../Speed_Hacker 4.25/Content/FXVarietyPack/Materials/Mfunction/MF_ky_TexController_primitive.uasset" 433
"../../../../Speed_Hacker 4.25/Content/FXVarietyPack/Textures/T_ky_noise17.uasset" 434
"../../../../Speed_Hacker 4.25/Content/FXVarietyPack/Materials/M_ky_storm01.uasset" 435
"../../../../Speed_Hacker 4.25/Content/FXVarietyPack/Textures/T_ky_noise4.uasset" 436
"../../../../Speed_Hacker 4.25/Content/FXVarietyPack/Materials/M_ky_stormDeco01.uasset" 437
"../../../../Speed_Hacker 4.25/Content/FXVarietyPack/Materials/MI_ky_storm01_nonD.uasset" 438
"../../../../Speed_Hacker 4.25/Content/FXVarietyPack/Textures/T_ky_dist_noise.uasset" 439
"../../../../Speed_Hacker 4.25/Content/FXVarietyPack/Textures/T_ky_smoke_kai.uasset" 440
"../../../../Speed_Hacker 4.25/Content/FXVarietyPack/Materials/M_ky_base_turbulence.uasset" 441
"../../../../Speed_Hacker 4.25/Content/FXVarietyPack/Materials/MI_ky_turbulence_smoke2d_trs.uasset" 442
"../../../../Speed_Hacker 4.25/Content/FXVarietyPack/Textures/T_ky_vortex04_4x4.uasset" 443
"../../../../Speed_Hacker 4.25/Content/FXVarietyPack/Materials/M_ky_vortex04_4x4.uasset" 444
"../../../../Speed_Hacker 4.25/Content/FXVarietyPack/Materials/MI_ky_vortex04B_4x4_two.uasset" 445
"../../../../Speed_Hacker 4.25/Content/FXVarietyPack/Meshes/SM_ky_circleDist06.uasset" 446
"../../../../Speed_Hacker 4.25/Content/FXVarietyPack/Meshes/SM_ky_quad_centerRot.uasset" 447
"../../../../Speed_Hacker 4.25/Content/FXVarietyPack/Meshes/SM_ky_tornado07.uasset" 448
"../../../../Speed_Hacker 4.25/Content/FXVarietyPack/Particles/P_ky_storm.uasset" 449
"../../../../Speed_Hacker 4.25/Content/FXVarietyPack/Blueprints/BP_ky_storm.uasset" 450
"../../../../Speed_Hacker 4.25/Content/FXVarietyPack/Materials/M_ky_waterDust02.uasset" 451
"../../../../Speed_Hacker 4.25/Content/FXVarietyPack/Materials/MI_ky_storm01_aqua.uasset" 452
"../../../../Speed_Hacker 4.25/Content/FXVarietyPack/Materials/MI_ky_storm01_aqua_nonD.uasset" 453
"../../../../Speed_Hacker 4.25/Content/FXVarietyPack/Materials/MI_ky_stormDeco01_aqua.uasset" 454
"../../../../Speed_Hacker 4.25/Content/FXVarietyPack/Particles/P_ky_aquaStorm.uasset" 455
"../../../../Speed_Hacker 4.25/Content/FXVarietyPack/Blueprints/BP_ky_aquaStorm.uasset" 456
"../../../../Speed_Hacker 4.25/Content/FXVarietyPack/Textures/T_ky_noise3.uasset" 457
"../../../../Speed_Hacker 4.25/Content/FXVarietyPack/Materials/M_ky_dynDust.uasset" 458
"../../../../Speed_Hacker 4.25/Content/FXVarietyPack/Textures/T_ky_smoke2.uasset" 459
"../../../../Speed_Hacker 4.25/Content/FXVarietyPack/Materials/MI_ky_dynDust.uasset" 460
"../../../../Speed_Hacker 4.25/Content/FXVarietyPack/Materials/MI_ky_storm01_dark.uasset" 461
"../../../../Speed_Hacker 4.25/Content/FXVarietyPack/Materials/MI_ky_storm01_dark_nonD.uasset" 462
"../../../../Speed_Hacker 4.25/Content/FXVarietyPack/Materials/MI_ky_stormDeco01_dark.uasset" 463
"../../../../Speed_Hacker 4.25/Content/FXVarietyPack/Particles/P_ky_darkStorm.uasset" 464
"../../../../Speed_Hacker 4.25/Content/FXVarietyPack/Blueprints/BP_ky_darkStorm.uasset" 465
"../../../../Speed_Hacker 4.25/Content/FXVarietyPack/Materials/Mfunction/MF_ky_VectorToRadialValue.uasset" 466
"../../../../Speed_Hacker 4.25/Content/FXVarietyPack/Textures/T_ky_decoLines.uasset" 467
"../../../../Speed_Hacker 4.25/Content/FXVarietyPack/Textures/T_ky_decoLinesB.uasset" 468
"../../../../Speed_Hacker 4.25/Content/FXVarietyPack/Materials/M_ky_polar.uasset" 469
"../../../../Speed_Hacker 4.25/Content/FXVarietyPack/Materials/MI_ky_polarG_nonD.uasset" 470
"../../../../Speed_Hacker 4.25/Content/FXVarietyPack/Textures/T_ky_bg.uasset" 471
"../../../../Speed_Hacker 4.25/Content/FXVarietyPack/Materials/M_ky_subUV01.uasset" 472
"../../../../Speed_Hacker 4.25/Content/FXVarietyPack/Textures/T_ky_shockwave12_4x4.uasset" 473
"../../../../Speed_Hacker 4.25/Content/FXVarietyPack/Materials/MI_ky_shockwave12_4x4.uasset" 474
"../../../../Speed_Hacker 4.25/Content/FXVarietyPack/Particles/P_ky_hit2.uasset" 475
"../../../../Speed_Hacker 4.25/Content/FXVarietyPack/Blueprints/BP_ky_hit2.uasset" 476
"../../../../Speed_Hacker 4.25/Content/FXVarietyPack/Textures/T_ky_smoke1.uasset" 477
"../../../../Speed_Hacker 4.25/Content/FXVarietyPack/Materials/M_ky_smoke01.uasset" 478
"../../../../Speed_Hacker 4.25/Content/FXVarietyPack/Materials/MI_ky_flare_flash_trs.uasset" 479
"../../../../Speed_Hacker 4.25/Content/FXVarietyPack/Materials/MI_ky_polar_two.uasset" 480
"../../../../Speed_Hacker 4.25/Content/FXVarietyPack/Materials/M_ky_primitive_dyn2.uasset" 481
"../../../../Speed_Hacker 4.25/Content/FXVarietyPack/Materials/MI_ky_primitive_dynB_two.uasset" 482
"../../../../Speed_Hacker 4.25/Content/FXVarietyPack/Particles/P_ky_explosion.uasset" 483
"../../../../Speed_Hacker 4.25/Content/FXVarietyPack/Blueprints/BP_ky_explosion.uasset" 484
"../../../../Speed_Hacker 4.25/Content/FXVarietyPack/Materials/MI_ky_storm01_fire.uasset" 485
"../../../../Speed_Hacker 4.25/Content/FXVarietyPack/Materials/MI_ky_storm01_fire_nonD1.uasset" 486
"../../../../Speed_Hacker 4.25/Content/FXVarietyPack/Materials/MI_ky_stormDeco01_fire.uasset" 487
"../../../../Speed_Hacker 4.25/Content/FXVarietyPack/Particles/P_ky_fireStorm.uasset" 488
"../../../../Speed_Hacker 4.25/Content/FXVarietyPack/Blueprints/BP_ky_fireStorm.uasset" 489
"../../../../Speed_Hacker 4.25/Content/FXVarietyPack/Materials/Mfunction/MF_ky_UVcontrol_4x4.uasset" 490
"../../../../Speed_Hacker 4.25/Content/FXVarietyPack/Textures/T_ky_dust01_4x4.uasset" 491
"../../../../Speed_Hacker 4.25/Content/FXVarietyPack/Materials/M_ky_dust01_4x4.uasset" 492
"../../../../Speed_Hacker 4.25/Content/FXVarietyPack/Textures/T_ky_aura011_4x4.uasset" 493
"../../../../Speed_Hacker 4.25/Content/FXVarietyPack/Materials/MI_ky_aura011_4x4.uasset" 494
"../../../../Speed_Hacker 4.25/Content/FXVarietyPack/Materials/MI_ky_aura011_4x4_nonD.uasset" 495
"../../../../Speed_Hacker 4.25/Content/FXVarietyPack/Textures/T_ky_noise13_sml_nor.uasset" 496
"../../../../Speed_Hacker 4.25/Content/FXVarietyPack/Textures/T_ky_smoke03.uasset" 497
"../../../../Speed_Hacker 4.25/Content/FXVarietyPack/Materials/M_ky_auraWall02.uasset" 498
"../../../../Speed_Hacker 4.25/Content/FXVarietyPack/Materials/MI_ky_auraWall02_two.uasset" 499
"../../../../Speed_Hacker 4.25/Content/FXVarietyPack/Textures/T_ky_auraWallWhite_4x4.uasset" 500
"../../../../Speed_Hacker 4.25/Content/FXVarietyPack/Textures/T_ky_maskCircle.uasset" 501
"../../../../Speed_Hacker 4.25/Content/FXVarietyPack/Materials/M_ky_base_anime.uasset" 502
"../../../../Speed_Hacker 4.25/Content/FXVarietyPack/Textures/T_ky_circle9_4x4.uasset" 503
"../../../../Speed_Hacker 4.25/Content/FXVarietyPack/Materials/MI_ky_circle9_4x4c2.uasset" 504
"../../../../Speed_Hacker 4.25/Content/FXVarietyPack/Materials/MI_ky_primitive_dynB_nonD.uasset" 505
"../../../Engine/Content/Functions/Engine_MaterialFunctions01/Gradient/DiamondGradient.uasset" 506
"../../../Engine/Content/EngineMaterials/BlendFunc_DefBase.uasset" 507
"../../../Engine/Content/EngineMaterials/BlendFunc_DefBlend.uasset" 508
"../../../Engine/Content/Functions/Engine_MaterialFunctions03/Blends/Blend_Screen.uasset" 509
"../../../../Speed_Hacker 4.25/Content/FXVarietyPack/Textures/T_ky_dust_longStar.uasset" 510
"../../../../Speed_Hacker 4.25/Content/FXVarietyPack/Materials/M_ky_starDust.uasset" 511
"../../../../Speed_Hacker 4.25/Content/FXVarietyPack/Materials/MI_ky_starDust_dis.uasset" 512
"../../../../Speed_Hacker 4.25/Content/FXVarietyPack/Meshes/SM_ky_auraWall_distB_kai.uasset" 513
"../../../../Speed_Hacker 4.25/Content/FXVarietyPack/Meshes/SM_ky_cylinder_lowPoly_dist.uasset" 514
"../../../../Speed_Hacker 4.25/Content/FXVarietyPack/Meshes/SM_ky_cylinder_superLow.uasset" 515
"../../../../Speed_Hacker 4.25/Content/FXVarietyPack/Particles/P_ky_healAura.uasset" 516
"../../../../Speed_Hacker 4.25/Content/FXVarietyPack/Blueprints/BP_ky_healAura.uasset" 517
"../../../../Speed_Hacker 4.25/Content/FXVarietyPack/Textures/T_ky_lightning02_4x4.uasset" 518
"../../../../Speed_Hacker 4.25/Content/FXVarietyPack/Materials/MI_ky_lightning02_4x4.uasset" 519
"../../../../Speed_Hacker 4.25/Content/FXVarietyPack/Textures/T_ky_lightningDust01_4x4.uasset" 520
"../../../../Speed_Hacker 4.25/Content/FXVarietyPack/Materials/MI_ky_lightningDust01_4x4_nonD.uasset" 521
"../../../../Speed_Hacker 4.25/Content/FXVarietyPack/Textures/T_ky_flareVertical02.uasset" 522
"../../../../Speed_Hacker 4.25/Content/FXVarietyPack/Materials/M_ky_flare01_primitive.uasset" 523
"../../../../Speed_Hacker 4.25/Content/FXVarietyPack/Textures/T_ky_shine01_4x4.uasset" 524
"../../../../Speed_Hacker 4.25/Content/FXVarietyPack/Materials/MI_ky_shine01R_nonD.uasset" 525
"../../../../Speed_Hacker 4.25/Content/FXVarietyPack/Particles/P_ky_lightning1.uasset" 526
"../../../../Speed_Hacker 4.25/Content/FXVarietyPack/Blueprints/BP_ky_lightning1.uasset" 527
"../../../../Speed_Hacker 4.25/Content/FXVarietyPack/Blueprints/BP_ky_hit1.uasset" 528
"../../../../Speed_Hacker 4.25/Content/FXVarietyPack/Textures/T_ky_deco_doom.uasset" 529
"../../../../Speed_Hacker 4.25/Content/FXVarietyPack/Materials/M_ky_laser01.uasset" 530
"../../../../Speed_Hacker 4.25/Content/FXVarietyPack/Materials/MI_ky_shine01R.uasset" 531
"../../../../Speed_Hacker 4.25/Content/FXVarietyPack/Materials/MI_ky_starDust_sq.uasset" 532
"../../../../Speed_Hacker 4.25/Content/FXVarietyPack/Particles/P_ky_laser01.uasset" 533
"../../../../Speed_Hacker 4.25/Content/FXVarietyPack/Blueprints/BP_ky_laser01.uasset" 534
"../../../../Speed_Hacker 4.25/Content/FXVarietyPack/Particles/P_ky_lightning2.uasset" 535
"../../../../Speed_Hacker 4.25/Content/FXVarietyPack/Blueprints/BP_ky_lightning2.uasset" 536
"../../../../Speed_Hacker 4.25/Content/FXVarietyPack/Materials/MI_ky_dynDust2.uasset" 537
"../../../../Speed_Hacker 4.25/Content/FXVarietyPack/Particles/P_ky_lightning3.uasset" 538
"../../../../Speed_Hacker 4.25/Content/FXVarietyPack/Blueprints/BP_ky_lightning3.uasset" 539
"../../../../Speed_Hacker 4.25/Content/FXVarietyPack/Textures/T_ky_circle01_4x4.uasset" 540
"../../../../Speed_Hacker 4.25/Content/FXVarietyPack/Materials/M_ky_circle01_4x4G_nonD.uasset" 541
"../../../../Speed_Hacker 4.25/Content/FXVarietyPack/Textures/T_ky_noise.uasset" 542
"../../../../Speed_Hacker 4.25/Content/FXVarietyPack/Materials/M_ky_Fresnel.uasset" 543
"../../../../Speed_Hacker 4.25/Content/FXVarietyPack/Textures/T_ky_magicCircle020.uasset" 544
"../../../../Speed_Hacker 4.25/Content/FXVarietyPack/Materials/M_ky_magicCircle020.uasset" 545
"../../../../Speed_Hacker 4.25/Content/FXVarietyPack/Textures/T_ky_chantDecoC.uasset" 546
"../../../../Speed_Hacker 4.25/Content/FXVarietyPack/Materials/M_ky_chantDecoA.uasset" 547
"../../../../Speed_Hacker 4.25/Content/FXVarietyPack/Materials/MI_ky_chantDecoAc.uasset" 548
"../../../../Speed_Hacker 4.25/Content/FXVarietyPack/Materials/M_ky_base.uasset" 549
"../../../../Speed_Hacker 4.25/Content/FXVarietyPack/Textures/T_ky_circleDust.uasset" 550
"../../../../Speed_Hacker 4.25/Content/FXVarietyPack/Materials/MI_ky_circleDust.uasset" 551
"../../../../Speed_Hacker 4.25/Content/FXVarietyPack/Meshes/SM_ky_cylinderBend07.uasset" 552
"../../../../Speed_Hacker 4.25/Content/FXVarietyPack/Particles/P_ky_magicCircle1.uasset" 553
"../../../../Speed_Hacker 4.25/Content/FXVarietyPack/Blueprints/BP_ky_magicCircle1.uasset" 554
"../../../../Speed_Hacker 4.25/Content/FXVarietyPack/Materials/M_ky_polar_primitive.uasset" 555
"../../../../Speed_Hacker 4.25/Content/FXVarietyPack/Textures/T_ky_deco_rainbow.uasset" 556
"../../../../Speed_Hacker 4.25/Content/FXVarietyPack/Materials/M_ky_trail_primitive.uasset" 557
"../../../../Speed_Hacker 4.25/Content/FXVarietyPack/Materials/M_ky_subUV03.uasset" 558
"../../../../Speed_Hacker 4.25/Content/FXVarietyPack/Textures/T_ky_flareVertical03_4x4.uasset" 559
"../../../../Speed_Hacker 4.25/Content/FXVarietyPack/Materials/MI_ky_flareVertical03b_4x4.uasset" 560
"../../../../Speed_Hacker 4.25/Content/FXVarietyPack/Materials/MI_ky_shine01B.uasset" 561
"../../../../Speed_Hacker 4.25/Content/FXVarietyPack/Textures/T_ky_shockwave10_4x4.uasset" 562
"../../../../Speed_Hacker 4.25/Content/FXVarietyPack/Materials/MI_ky_shockwave10R_4x4_nonD.uasset" 563
"../../../../Speed_Hacker 4.25/Content/FXVarietyPack/Particles/P_ky_shootingStar1.uasset" 564
"../../../../Speed_Hacker 4.25/Content/FXVarietyPack/Blueprints/BP_ky_shootingStar1.uasset" 565
"../../../../Speed_Hacker 4.25/Content/FXVarietyPack/Particles/P_ky_fireBall.uasset" 566
"../../../../Speed_Hacker 4.25/Content/FXVarietyPack/Textures/T_ky_flare3.uasset" 567
"../../../../Speed_Hacker 4.25/Content/FXVarietyPack/Textures/T_ky_maskRGB5.uasset" 568
"../../../../Speed_Hacker 4.25/Content/FXVarietyPack/Materials/M_ky_flarePillar.uasset" 569
"../../../../Speed_Hacker 4.25/Content/FXVarietyPack/Textures/T_ky_flareVert.uasset" 570
"../../../../Speed_Hacker 4.25/Content/FXVarietyPack/Materials/M_ky_flareVert.uasset" 571
"../../../../Speed_Hacker 4.25/Content/FXVarietyPack/Materials/M_ky_aura9.uasset" 572
"../../../../Speed_Hacker 4.25/Content/FXVarietyPack/Materials/MI_ky_aura9.uasset" 573
"../../../../Speed_Hacker 4.25/Content/FXVarietyPack/Materials/MI_ky_polarC_two.uasset" 574
"../../../../Speed_Hacker 4.25/Content/FXVarietyPack/Meshes/SM_ky_planeBend.uasset" 575
"../../../../Speed_Hacker 4.25/Content/FXVarietyPack/Meshes/SM_ky_quads.uasset" 576
"../../../../Speed_Hacker 4.25/Content/FXVarietyPack/Meshes/SM_ky_windSmokeVertRot.uasset" 577
"../../../../Speed_Hacker 4.25/Content/FXVarietyPack/Particles/P_ky_shotShockwave.uasset" 578
"../../../../Speed_Hacker 4.25/Content/FXVarietyPack/Blueprints/BP_ky_fireBall.uasset" 579
"../../../../Speed_Hacker 4.25/Content/FXVarietyPack/Blueprints/BP_ky_shotSpawn.uasset" 580
"../../../../Speed_Hacker 4.25/Content/FXVarietyPack/Materials/MI_ky_smoke01.uasset" 581
"../../../../Speed_Hacker 4.25/Content/FXVarietyPack/Materials/MI_ky_smoke01b.uasset" 582
"../../../../Speed_Hacker 4.25/Content/FXVarietyPack/Particles/P_ky_thunderBall.uasset" 583
"../../../../Speed_Hacker 4.25/Content/FXVarietyPack/Particles/P_ky_ThunderBallHit.uasset" 584
"../../../../Speed_Hacker 4.25/Content/FXVarietyPack/Blueprints/BP_ky_thunderBall.uasset" 585
"../../../../Speed_Hacker 4.25/Content/FXVarietyPack/Blueprints/BP_ky_ThunderBallHit.uasset" 586
"../../../../Speed_Hacker 4.25/Content/FXVarietyPack/Materials/M_ky_thunderForBeam.uasset" 587
"../../../../Speed_Hacker 4.25/Content/FXVarietyPack/Textures/T_ky_shockWave03_4x4.uasset" 588
"../../../../Speed_Hacker 4.25/Content/FXVarietyPack/Materials/M_ky_shockWave03_4x4.uasset" 589
"../../../../Speed_Hacker 4.25/Content/FXVarietyPack/Materials/MI_ky_shockWave03g_4x4.uasset" 590
"../../../../Speed_Hacker 4.25/Content/FXVarietyPack/Materials/MI_ky_storm01_thunder.uasset" 591
"../../../../Speed_Hacker 4.25/Content/FXVarietyPack/Materials/MI_ky_storm01_thunder_nonD.uasset" 592
"../../../../Speed_Hacker 4.25/Content/FXVarietyPack/Particles/P_ky_thunderStorm.uasset" 593
"../../../../Speed_Hacker 4.25/Content/FXVarietyPack/Blueprints/BP_ky_thunderStorm.uasset" 594
"../../../../Speed_Hacker 4.25/Content/FXVarietyPack/Materials/MI_ky_smoke01c.uasset" 595
"../../../../Speed_Hacker 4.25/Content/FXVarietyPack/Particles/P_ky_waterBall.uasset" 596
"../../../../Speed_Hacker 4.25/Content/FXVarietyPack/Particles/P_ky_waterBallHit.uasset" 597
"../../../../Speed_Hacker 4.25/Content/FXVarietyPack/Blueprints/BP_ky_waterBall.uasset" 598
"../../../../Speed_Hacker 4.25/Content/FXVarietyPack/Blueprints/BP_ky_waterBallHit.uasset" 599
"../../../../Speed_Hacker 4.25/Content/FXVarietyPack/EpicContent/Materials/M_DefaultTextMaterialTranslucentUnlit.uasset" 600
"../../../../Speed_Hacker 4.25/Content/FXVarietyPack/EpicContent/Materials/M_DemoWall.uasset" 601
"../../../../Speed_Hacker 4.25/Content/FXVarietyPack/EpicContent/Physical_Materials/Rubber.uasset" 602
"../../../../Speed_Hacker 4.25/Content/FXVarietyPack/EpicContent/Materials/MI_DemoWall.uasset" 603
"../../../../Speed_Hacker 4.25/Content/FXVarietyPack/EpicContent/Physical_Materials/Metal.uasset" 604
"../../../../Speed_Hacker 4.25/Content/FXVarietyPack/EpicContent/Materials/MI_DemoWall3.uasset" 605
"../../../../Speed_Hacker 4.25/Content/FXVarietyPack/EpicContent/Materials/M_DemoWall_Inst_NamePlate.uasset" 606
"../../../../Speed_Hacker 4.25/Content/FXVarietyPack/EpicContent/Materials/MI_DemoWall_Inst_BaseFloor.uasset" 607
"../../../../Speed_Hacker 4.25/Content/FXVarietyPack/EpicContent/Blueprints/BP_DemoDisplay_Enum.uasset" 608
"../../../../Speed_Hacker 4.25/Content/FXVarietyPack/EpicContent/Materials/MI_DemoWall2.uasset" 609
"../../../../Speed_Hacker 4.25/Content/FXVarietyPack/EpicContent/Meshes/SM_Base.uasset" 610
"../../../../Speed_Hacker 4.25/Content/FXVarietyPack/EpicContent/Meshes/SM_Base2.uasset" 611
"../../../../Speed_Hacker 4.25/Content/FXVarietyPack/EpicContent/Meshes/SM_Base_FlatWall.uasset" 612
"../../../../Speed_Hacker 4.25/Content/FXVarietyPack/EpicContent/Meshes/SM_BaseRoom.uasset" 613
"../../../../Speed_Hacker 4.25/Content/FXVarietyPack/EpicContent/Meshes/SM_NamePlate.uasset" 614
"../../../../Speed_Hacker 4.25/Content/FXVarietyPack/EpicContent/Blueprints/BP_DemoDisplay.uasset" 615
"../../../../Speed_Hacker 4.25/Content/FXVarietyPack/EpicContent/Textures/T_UnrealEngineDecal.uasset" 616
"../../../../Speed_Hacker 4.25/Content/FXVarietyPack/EpicContent/Materials/M_Glass.uasset" 617
"../../../../Speed_Hacker 4.25/Content/FXVarietyPack/EpicContent/Textures/T_Pattern_M.uasset" 618
"../../../../Speed_Hacker 4.25/Content/FXVarietyPack/EpicContent/Materials/M_DemoWallPattern.uasset" 619
"../../../../Speed_Hacker 4.25/Content/FXVarietyPack/EpicContent/Materials/MI_DemoWallPattern.uasset" 620
"../../../../Speed_Hacker 4.25/Content/FXVarietyPack/EpicContent/Materials/M_DemoWallPattern_Inst_Mirrored.uasset" 621
"../../../../Speed_Hacker 4.25/Content/FXVarietyPack/EpicContent/Materials/M_DemoWallPattern_NoText.uasset" 622
"../../../../Speed_Hacker 4.25/Content/FXVarietyPack/EpicContent/Textures/T_RoomTiles_M.uasset" 623
"../../../../Speed_Hacker 4.25/Content/FXVarietyPack/EpicContent/Textures/T_RoomTiles_N.uasset" 624
"../../../../Speed_Hacker 4.25/Content/FXVarietyPack/EpicContent/Materials/M_DemoRoomTiles.uasset" 625
"../../../../Speed_Hacker 4.25/Content/FXVarietyPack/EpicContent/Physical_Materials/Concrete.uasset" 626
"../../../../Speed_Hacker 4.25/Content/FXVarietyPack/EpicContent/Materials/MI_DemoRoomTiles.uasset" 627
"../../../../Speed_Hacker 4.25/Content/FXVarietyPack/EpicContent/Materials/MI_Glass.uasset" 628
"../../../../Speed_Hacker 4.25/Content/FXVarietyPack/EpicContent/Blueprints/BP_DemoRoom_Enum.uasset" 629
"../../../../Speed_Hacker 4.25/Content/FXVarietyPack/EpicContent/Meshes/SM_DemoDivider1.uasset" 630
"../../../../Speed_Hacker 4.25/Content/FXVarietyPack/EpicContent/Meshes/SM_DemoDivider2.uasset" 631
"../../../../Speed_Hacker 4.25/Content/FXVarietyPack/EpicContent/Meshes/SM_DemoRoomBackWall.uasset" 632
"../../../../Speed_Hacker 4.25/Content/FXVarietyPack/EpicContent/Materials/M_DemoWall_MattPlastic.uasset" 633
"../../../../Speed_Hacker 4.25/Content/FXVarietyPack/EpicContent/Meshes/SM_DemoRoomBackWall2.uasset" 634
"../../../../Speed_Hacker 4.25/Content/FXVarietyPack/EpicContent/Materials/M_LightTube.uasset" 635
"../../../../Speed_Hacker 4.25/Content/FXVarietyPack/EpicContent/Materials/MI_LightTube.uasset" 636
"../../../../Speed_Hacker 4.25/Content/FXVarietyPack/EpicContent/Meshes/SM_DemoRoomClamp.uasset" 637
"../../../../Speed_Hacker 4.25/Content/FXVarietyPack/EpicContent/Meshes/SM_DemoRoomClamp2.uasset" 638
"../../../../Speed_Hacker 4.25/Content/FXVarietyPack/EpicContent/Meshes/SM_DemoRoomL.uasset" 639
"../../../../Speed_Hacker 4.25/Content/FXVarietyPack/EpicContent/Meshes/SM_DemoRoomLTrim.uasset" 640
"../../../../Speed_Hacker 4.25/Content/FXVarietyPack/EpicContent/Meshes/SM_DemoRoomTrim.uasset" 641
"../../../../Speed_Hacker 4.25/Content/FXVarietyPack/EpicContent/Meshes/SM_DemoRoomTrim2.uasset" 642
"../../../../Speed_Hacker 4.25/Content/FXVarietyPack/EpicContent/Meshes/SM_DemoRoomTrimAdd.uasset" 643
"../../../../Speed_Hacker 4.25/Content/FXVarietyPack/EpicContent/Meshes/SM_DemoRoomU.uasset" 644
"../../../../Speed_Hacker 4.25/Content/FXVarietyPack/EpicContent/Meshes/SM_DemoRoomU2.uasset" 645
"../../../../Speed_Hacker 4.25/Content/FXVarietyPack/EpicContent/Meshes/SM_DemoRoomU_Hole.uasset" 646
"../../../../Speed_Hacker 4.25/Content/FXVarietyPack/EpicContent/Meshes/SM_URoom_Wall.uasset" 647
"../../../../Speed_Hacker 4.25/Content/FXVarietyPack/EpicContent/Meshes/SM_URoom_Wall2.uasset" 648
"../../../../Speed_Hacker 4.25/Content/FXVarietyPack/EpicContent/Blueprints/BP_DemoRoom.uasset" 649
"../../../../Speed_Hacker 4.25/Content/FXVarietyPack/Map/Overview.umap" 650
"../../../../Speed_Hacker 4.25/Content/StarterContent/Blueprints/Assets/FogBrightnessLUT.uasset" 651
"../../../../Speed_Hacker 4.25/Content/StarterContent/Blueprints/Assets/SunlightColorLUT.uasset" 652
"../../../../Speed_Hacker 4.25/Content/StarterContent/Blueprints/Assets/M_LightStage_Arrows.uasset" 653
"../../../Engine/Content/MapTemplates/Sky/DaylightAmbientCubemap.uasset" 654
"../../../../Speed_Hacker 4.25/Content/StarterContent/Blueprints/Assets/M_LightStage_Skybox_Master.uasset" 655
"../../../../Speed_Hacker 4.25/Content/StarterContent/Blueprints/Assets/M_LightStage_Skybox_Black.uasset" 656
"../../../../Speed_Hacker 4.25/Content/StarterContent/Blueprints/Assets/M_LightStage_Skybox_HDRI.uasset" 657
"../../../Engine/Content/EditorMaterials/Thumbnails/SkySphereMaterial.uasset" 658
"../../../../Speed_Hacker 4.25/Content/StarterContent/Blueprints/Assets/Skybox.uasset" 659
"../../../../Speed_Hacker 4.25/Content/StarterContent/Blueprints/Assets/SM_Arrows.uasset" 660
"../../../../Speed_Hacker 4.25/Content/StarterContent/HDRI/HDRI_Epic_Courtyard_Daylight.uasset" 661
"../../../../Speed_Hacker 4.25/Content/StarterContent/Blueprints/BP_LightStudio.uasset" 662
"../../../../Speed_Hacker 4.25/Content/StarterContent/Maps/Advanced_Lighting_BuiltData.uasset" 663
"../../../../Speed_Hacker 4.25/Content/StarterContent/Materials/M_AssetPlatform.uasset" 664
"../../../Engine/Content/EditorMeshes/ColorCalibrator/M_ChromeBall.uasset" 665
"../../../Engine/Content/EditorMeshes/ColorCalibrator/M_ClearCoat.uasset" 666
"../../../Engine/Content/EditorMeshes/ColorCalibrator/M_ClearCoatBlack.uasset" 667
"../../../Engine/Content/EditorMeshes/ColorCalibrator/Color_checker.uasset" 668
"../../../Engine/Content/EditorMeshes/ColorCalibrator/M_ColorGrid.uasset" 669
"../../../Engine/Content/EditorMeshes/ColorCalibrator/M_GreyBall.uasset" 670
"../../../Engine/Content/EditorMeshes/ColorCalibrator/SM_ColorCalibrator.uasset" 671
"../../../../Speed_Hacker 4.25/Content/StarterContent/Architecture/SM_AssetPlatform.uasset" 672
"../../../../Speed_Hacker 4.25/Content/StarterContent/Maps/Advanced_Lighting.umap" 673
"../../../Engine/Content/EngineSky/C_Sky_Cloud_Color.uasset" 674
"../../../Engine/Content/EngineSky/C_Sky_Horizon_Color.uasset" 675
"../../../Engine/Content/EngineSky/C_Sky_Zenith_Color.uasset" 676
"../../../Engine/Content/EngineSky/T_Sky_Blue.uasset" 677
"../../../Engine/Content/EngineSky/T_Sky_Clouds_M.uasset" 678
"../../../Engine/Content/EngineSky/T_Sky_Stars.uasset" 679
"../../../Engine/Content/EngineSky/M_Sky_Panning_Clouds2.uasset" 680
"../../../Engine/Content/EngineSky/SM_SkySphere.uasset" 681
"../../../Engine/Content/EngineSky/BP_Sky_Sphere.uasset" 682
"../../../../Speed_Hacker 4.25/Content/StarterContent/Maps/Minimal_Default_BuiltData.uasset" 683
"../../../../Speed_Hacker 4.25/Content/StarterContent/Textures/T_Metal_Aluminum_D.uasset" 684
"../../../../Speed_Hacker 4.25/Content/StarterContent/Textures/T_Metal_Gold_N.uasset" 685
"../../../../Speed_Hacker 4.25/Content/StarterContent/Materials/M_Metal_Burnished_Steel.uasset" 686
"../../../../Speed_Hacker 4.25/Content/StarterContent/Textures/T_Metal_Copper_D.uasset" 687
"../../../../Speed_Hacker 4.25/Content/StarterContent/Materials/M_Metal_Copper.uasset" 688
"../../../../Speed_Hacker 4.25/Content/StarterContent/Textures/T_Statue_M.uasset" 689
"../../../../Speed_Hacker 4.25/Content/StarterContent/Textures/T_Statue_N.uasset" 690
"../../../../Speed_Hacker 4.25/Content/StarterContent/Props/Materials/M_StatueGlass.uasset" 691
"../../../../Speed_Hacker 4.25/Content/StarterContent/Architecture/Floor_400x400.uasset" 692
"../../../../Speed_Hacker 4.25/Content/StarterContent/Audio/Starter_Background_Cue.uasset" 693
"../../../../Speed_Hacker 4.25/Content/StarterContent/Props/SM_Chair.uasset" 694
"../../../../Speed_Hacker 4.25/Content/StarterContent/Props/Materials/M_Statue.uasset" 695
"../../../../Speed_Hacker 4.25/Content/StarterContent/Props/SM_Statue.uasset" 696
"../../../../Speed_Hacker 4.25/Content/StarterContent/Textures/T_TableRound_M.uasset" 697
"../../../../Speed_Hacker 4.25/Content/StarterContent/Textures/T_TableRound_N.uasset" 698
"../../../../Speed_Hacker 4.25/Content/StarterContent/Props/Materials/M_TableRound.uasset" 699
"../../../../Speed_Hacker 4.25/Content/StarterContent/Props/SM_TableRound.uasset" 700
"../../../../Speed_Hacker 4.25/Content/StarterContent/Maps/Minimal_Default.umap" 701
"../../../../Speed_Hacker 4.25/Content/StarterContent/Audio/Fire01_Cue.uasset" 702
"../../../../Speed_Hacker 4.25/Content/StarterContent/Textures/T_Fire_SubUV.uasset" 703
"../../../../Speed_Hacker 4.25/Content/StarterContent/Textures/T_Fire_Tiled_D.uasset" 704
"../../../../Speed_Hacker 4.25/Content/StarterContent/Particles/Materials/M_Fire_SubUV.uasset" 705
"../../../../Speed_Hacker 4.25/Content/StarterContent/Textures/T_Water_N.uasset" 706
"../../../../Speed_Hacker 4.25/Content/StarterContent/Particles/Materials/M_Heat_Distortion.uasset" 707
"../../../../Speed_Hacker 4.25/Content/StarterContent/Particles/Materials/M_Radial_Gradient.uasset" 708
"../../../../Speed_Hacker 4.25/Content/StarterContent/Particles/P_Fire.uasset" 709
"../../../../Speed_Hacker 4.25/Content/StarterContent/Blueprints/Blueprint_Effect_Fire.uasset" 710
"../../../../Speed_Hacker 4.25/Content/StarterContent/Audio/Smoke01_Cue.uasset" 711
"../../../../Speed_Hacker 4.25/Content/StarterContent/Particles/P_Smoke.uasset" 712
"../../../../Speed_Hacker 4.25/Content/StarterContent/Blueprints/Blueprint_Effect_Smoke.uasset" 713
"../../../../Speed_Hacker 4.25/Content/StarterContent/Audio/Fire_Sparks01_Cue.uasset" 714
"../../../../Speed_Hacker 4.25/Content/StarterContent/Textures/T_Spark_Core.uasset" 715
"../../../../Speed_Hacker 4.25/Content/StarterContent/Particles/Materials/M_Spark.uasset" 716
"../../../../Speed_Hacker 4.25/Content/StarterContent/Particles/P_Sparks.uasset" 717
"../../../../Speed_Hacker 4.25/Content/StarterContent/Blueprints/Blueprint_Effect_Sparks.uasset" 718
"../../../../Speed_Hacker 4.25/Content/StarterContent/Audio/Steam01_Cue.uasset" 719
"../../../../Speed_Hacker 4.25/Content/StarterContent/Particles/P_Steam_Lit.uasset" 720
"../../../../Speed_Hacker 4.25/Content/StarterContent/Blueprints/Blueprint_Effect_Steam.uasset" 721
"../../../../Speed_Hacker 4.25/Content/StarterContent/Textures/T_Lamp_M.uasset" 722
"../../../../Speed_Hacker 4.25/Content/StarterContent/Textures/T_Lamp_N.uasset" 723
"../../../../Speed_Hacker 4.25/Content/StarterContent/Props/Materials/M_Lamp.uasset" 724
"../../../../Speed_Hacker 4.25/Content/StarterContent/Props/SM_Lamp_Ceiling.uasset" 725
"../../../../Speed_Hacker 4.25/Content/StarterContent/Blueprints/Blueprint_CeilingLight.uasset" 726
"../../../../Speed_Hacker 4.25/Content/StarterContent/Props/SM_Lamp_Wall.uasset" 727
"../../../../Speed_Hacker 4.25/Content/StarterContent/Blueprints/Blueprint_WallSconce.uasset" 728
"../../../../Speed_Hacker 4.25/Content/StarterContent/Maps/StarterMap_BuiltData.uasset" 729
"../../../Engine/Content/Functions/Engine_MaterialFunctions03/Procedurals/ComputeFilterWidth.uasset" 730
"../../../Engine/Content/EngineMaterials/AntiAliasedTextMaterialTranslucent.uasset" 731
"../../../../Speed_Hacker 4.25/Content/StarterContent/Textures/T_Brick_Clay_Beveled_D.uasset" 732
"../../../../Speed_Hacker 4.25/Content/StarterContent/Textures/T_Brick_Clay_Beveled_M.uasset" 733
"../../../../Speed_Hacker 4.25/Content/StarterContent/Textures/T_Brick_Clay_Beveled_N.uasset" 734
"../../../../Speed_Hacker 4.25/Content/StarterContent/Materials/M_Brick_Clay_Beveled.uasset" 735
"../../../../Speed_Hacker 4.25/Content/StarterContent/Textures/T_Brick_Clay_New_D.uasset" 736
"../../../../Speed_Hacker 4.25/Content/StarterContent/Textures/T_Brick_Clay_New_M.uasset" 737
"../../../../Speed_Hacker 4.25/Content/StarterContent/Textures/T_Brick_Clay_New_N.uasset" 738
"../../../../Speed_Hacker 4.25/Content/StarterContent/Materials/M_Brick_Clay_New.uasset" 739
"../../../../Speed_Hacker 4.25/Content/StarterContent/Textures/T_Brick_Clay_Old_D.uasset" 740
"../../../../Speed_Hacker 4.25/Content/StarterContent/Textures/T_Brick_Clay_Old_N.uasset" 741
"../../../../Speed_Hacker 4.25/Content/StarterContent/Textures/T_Perlin_Noise_M.uasset" 742
"../../../../Speed_Hacker 4.25/Content/StarterContent/Materials/M_Brick_Clay_Old.uasset" 743
"../../../../Speed_Hacker 4.25/Content/StarterContent/Textures/T_Brick_Cut_Stone_D.uasset" 744
"../../../../Speed_Hacker 4.25/Content/StarterContent/Textures/T_Brick_Cut_Stone_N.uasset" 745
"../../../../Speed_Hacker 4.25/Content/StarterContent/Materials/M_Brick_Cut_Stone.uasset" 746
"../../../../Speed_Hacker 4.25/Content/StarterContent/Textures/T_Brick_Hewn_Stone_D.uasset" 747
"../../../../Speed_Hacker 4.25/Content/StarterContent/Textures/T_Brick_Hewn_Stone_M.uasset" 748
"../../../../Speed_Hacker 4.25/Content/StarterContent/Textures/T_Brick_Hewn_Stone_N.uasset" 749
"../../../../Speed_Hacker 4.25/Content/StarterContent/Materials/M_Brick_Hewn_Stone.uasset" 750
"../../../../Speed_Hacker 4.25/Content/StarterContent/Textures/T_Ceramic_Tile_M.uasset" 751
"../../../../Speed_Hacker 4.25/Content/StarterContent/Textures/T_Ceramic_Tile_N.uasset" 752
"../../../../Speed_Hacker 4.25/Content/StarterContent/Textures/T_Rock_Marble_Polished_D.uasset" 753
"../../../../Speed_Hacker 4.25/Content/StarterContent/Materials/M_Ceramic_Tile_Checker.uasset" 754
"../../../../Speed_Hacker 4.25/Content/StarterContent/Textures/T_CobbleStone_Pebble_D.uasset" 755
"../../../../Speed_Hacker 4.25/Content/StarterContent/Textures/T_CobbleStone_Pebble_M.uasset" 756
"../../../../Speed_Hacker 4.25/Content/StarterContent/Textures/T_CobbleStone_Pebble_N.uasset" 757
"../../../../Speed_Hacker 4.25/Content/StarterContent/Materials/M_CobbleStone_Pebble.uasset" 758
"../../../../Speed_Hacker 4.25/Content/StarterContent/Textures/T_CobbleStone_Rough_D.uasset" 759
"../../../../Speed_Hacker 4.25/Content/StarterContent/Textures/T_CobbleStone_Rough_N.uasset" 760
"../../../../Speed_Hacker 4.25/Content/StarterContent/Textures/T_Gradinet_01.uasset" 761
"../../../../Speed_Hacker 4.25/Content/StarterContent/Textures/T_Rock_Smooth_Granite_D.uasset" 762
"../../../../Speed_Hacker 4.25/Content/StarterContent/Materials/M_CobbleStone_Rough.uasset" 763
"../../../../Speed_Hacker 4.25/Content/StarterContent/Textures/T_CobbleStone_Smooth_D.uasset" 764
"../../../../Speed_Hacker 4.25/Content/StarterContent/Textures/T_CobbleStone_Smooth_M.uasset" 765
"../../../../Speed_Hacker 4.25/Content/StarterContent/Textures/T_CobbleStone_Smooth_N.uasset" 766
"../../../../Speed_Hacker 4.25/Content/StarterContent/Materials/M_CobbleStone_Smooth.uasset" 767
"../../../../Speed_Hacker 4.25/Content/StarterContent/Textures/T_Concrete_Grime_D.uasset" 768
"../../../../Speed_Hacker 4.25/Content/StarterContent/Textures/T_Metal_Rust_N.uasset" 769
"../../../../Speed_Hacker 4.25/Content/StarterContent/Materials/M_Concrete_Grime.uasset" 770
"../../../../Speed_Hacker 4.25/Content/StarterContent/Textures/T_Concrete_Panels_D.uasset" 771
"../../../../Speed_Hacker 4.25/Content/StarterContent/Textures/T_Concrete_Panels_N.uasset" 772
"../../../../Speed_Hacker 4.25/Content/StarterContent/Materials/M_Concrete_Panels.uasset" 773
"../../../../Speed_Hacker 4.25/Content/StarterContent/Textures/T_Concrete_Poured_D.uasset" 774
"../../../../Speed_Hacker 4.25/Content/StarterContent/Textures/T_Concrete_Poured_N.uasset" 775
"../../../../Speed_Hacker 4.25/Content/StarterContent/Materials/M_Concrete_Poured.uasset" 776
"../../../../Speed_Hacker 4.25/Content/StarterContent/Textures/T_Concrete_Tiles_D.uasset" 777
"../../../../Speed_Hacker 4.25/Content/StarterContent/Textures/T_Concrete_Tiles_M.uasset" 778
"../../../../Speed_Hacker 4.25/Content/StarterContent/Textures/T_Concrete_Tiles_N.uasset" 779
"../../../../Speed_Hacker 4.25/Content/StarterContent/Textures/T_Concrete_Tiles_Variation_M.uasset" 780
"../../../../Speed_Hacker 4.25/Content/StarterContent/Materials/M_Concrete_Tiles.uasset" 781
"../../../../Speed_Hacker 4.25/Content/StarterContent/Textures/T_Ground_Grass_D.uasset" 782
"../../../../Speed_Hacker 4.25/Content/StarterContent/Textures/T_Ground_Grass_N.uasset" 783
"../../../../Speed_Hacker 4.25/Content/StarterContent/Materials/M_Ground_Grass.uasset" 784
"../../../../Speed_Hacker 4.25/Content/StarterContent/Textures/T_Ground_Gravel_D.uasset" 785
"../../../../Speed_Hacker 4.25/Content/StarterContent/Textures/T_Ground_Gravel_N.uasset" 786
"../../../../Speed_Hacker 4.25/Content/StarterContent/Materials/M_Ground_Gravel.uasset" 787
"../../../../Speed_Hacker 4.25/Content/StarterContent/Textures/T_ground_Moss_D.uasset" 788
"../../../../Speed_Hacker 4.25/Content/StarterContent/Textures/T_Ground_Moss_N.uasset" 789
"../../../../Speed_Hacker 4.25/Content/StarterContent/Materials/M_Ground_Moss.uasset" 790
"../../../../Speed_Hacker 4.25/Content/StarterContent/Materials/M_Metal_Chrome.uasset" 791
"../../../../Speed_Hacker 4.25/Content/StarterContent/Textures/T_Metal_Gold_D.uasset" 792
"../../../../Speed_Hacker 4.25/Content/StarterContent/Materials/M_Metal_Gold.uasset" 793
"../../../../Speed_Hacker 4.25/Content/StarterContent/Textures/T_Metal_Rust_D.uasset" 794
"../../../../Speed_Hacker 4.25/Content/StarterContent/Materials/M_Metal_Rust.uasset" 795
"../../../../Speed_Hacker 4.25/Content/StarterContent/Textures/T_Metal_Steel_N.uasset" 796
"../../../../Speed_Hacker 4.25/Content/StarterContent/Materials/M_Metal_Steel.uasset" 797
"../../../../Speed_Hacker 4.25/Content/StarterContent/Textures/T_Rock_Basalt_N.uasset" 798
"../../../../Speed_Hacker 4.25/Content/StarterContent/Materials/M_Rock_Basalt.uasset" 799
"../../../../Speed_Hacker 4.25/Content/StarterContent/Materials/M_Rock_Marble_Polished.uasset" 800
"../../../../Speed_Hacker 4.25/Content/StarterContent/Textures/T_Rock_Sandstone_D.uasset" 801
"../../../../Speed_Hacker 4.25/Content/StarterContent/Textures/T_Rock_Sandstone_N.uasset" 802
"../../../../Speed_Hacker 4.25/Content/StarterContent/Materials/M_Rock_Sandstone.uasset" 803
"../../../../Speed_Hacker 4.25/Content/StarterContent/Textures/T_Rock_Slate_D.uasset" 804
"../../../../Speed_Hacker 4.25/Content/StarterContent/Textures/T_Rock_Slate_N.uasset" 805
"../../../../Speed_Hacker 4.25/Content/StarterContent/Materials/M_Rock_Slate.uasset" 806
"../../../../Speed_Hacker 4.25/Content/StarterContent/Textures/T_Checker_Noise_M.uasset" 807
"../../../../Speed_Hacker 4.25/Content/StarterContent/Textures/T_Single_Tile_N.uasset" 808
"../../../../Speed_Hacker 4.25/Content/StarterContent/Textures/T_Tech_Dot_M.uasset" 809
"../../../../Speed_Hacker 4.25/Content/StarterContent/Textures/T_Tech_Dot_N.uasset" 810
"../../../../Speed_Hacker 4.25/Content/StarterContent/Materials/M_Tech_Checker_Dot.uasset" 811
"../../../../Speed_Hacker 4.25/Content/StarterContent/Materials/M_Tech_Hex_Tile.uasset" 812
"../../../../Speed_Hacker 4.25/Content/StarterContent/Materials/M_Water_Lake.uasset" 813
"../../../../Speed_Hacker 4.25/Content/StarterContent/Textures/T_Water_M.uasset" 814
"../../../../Speed_Hacker 4.25/Content/StarterContent/Materials/M_Water_Ocean.uasset" 815
"../../../../Speed_Hacker 4.25/Content/StarterContent/Textures/T_Wood_Floor_Walnut_D.uasset" 816
"../../../../Speed_Hacker 4.25/Content/StarterContent/Textures/T_Wood_Floor_Walnut_M.uasset" 817
"../../../../Speed_Hacker 4.25/Content/StarterContent/Textures/T_Wood_Floor_Walnut_N.uasset" 818
"../../../../Speed_Hacker 4.25/Content/StarterContent/Materials/M_Wood_Floor_Walnut_Polished.uasset" 819
"../../../Engine/Content/Functions/Engine_MaterialFunctions01/Opacity/AlphaOffset.uasset" 820
"../../../../Speed_Hacker 4.25/Content/StarterContent/Materials/M_Wood_Floor_Walnut_Worn.uasset" 821
"../../../../Speed_Hacker 4.25/Content/StarterContent/Textures/T_Wood_Oak_D.uasset" 822
"../../../../Speed_Hacker 4.25/Content/StarterContent/Textures/T_Wood_Oak_N.uasset" 823
"../../../../Speed_Hacker 4.25/Content/StarterContent/Materials/M_Wood_Oak.uasset" 824
"../../../../Speed_Hacker 4.25/Content/StarterContent/Textures/T_Wood_Pine_D.uasset" 825
"../../../../Speed_Hacker 4.25/Content/StarterContent/Textures/T_Wood_Pine_N.uasset" 826
"../../../../Speed_Hacker 4.25/Content/StarterContent/Materials/M_Wood_Pine.uasset" 827
"../../../../Speed_Hacker 4.25/Content/StarterContent/Textures/T_Wood_Walnut_D.uasset" 828
"../../../../Speed_Hacker 4.25/Content/StarterContent/Textures/T_Wood_Walnut_N.uasset" 829
"../../../../Speed_Hacker 4.25/Content/StarterContent/Materials/M_Wood_Walnut.uasset" 830
"../../../../Speed_Hacker 4.25/Content/StarterContent/Architecture/Wall_400x200.uasset" 831
"../../../../Speed_Hacker 4.25/Content/StarterContent/Architecture/Wall_Door_400x300.uasset" 832
"../../../../Speed_Hacker 4.25/Content/StarterContent/Architecture/Wall_Window_400x300.uasset" 833
"../../../../Speed_Hacker 4.25/Content/StarterContent/Audio/Collapse_Cue.uasset" 834
"../../../../Speed_Hacker 4.25/Content/StarterContent/Audio/Starter_Music_Cue.uasset" 835
"../../../../Speed_Hacker 4.25/Content/StarterContent/Textures/T_Dust_Particle_D.uasset" 836
"../../../../Speed_Hacker 4.25/Content/StarterContent/Particles/Materials/M_Dust_Particle.uasset" 837
"../../../../Speed_Hacker 4.25/Content/StarterContent/Particles/P_Ambient_Dust.uasset" 838
"../../../../Speed_Hacker 4.25/Content/StarterContent/Props/MaterialSphere.uasset" 839
"../../../../Speed_Hacker 4.25/Content/StarterContent/Textures/T_Frame_M.uasset" 840
"../../../../Speed_Hacker 4.25/Content/StarterContent/Textures/T_Frame_N.uasset" 841
"../../../../Speed_Hacker 4.25/Content/StarterContent/Props/Materials/M_Frame.uasset" 842
"../../../../Speed_Hacker 4.25/Content/StarterContent/Props/SM_CornerFrame.uasset" 843
"../../../../Speed_Hacker 4.25/Content/StarterContent/Props/SM_DoorFrame.uasset" 844
"../../../../Speed_Hacker 4.25/Content/StarterContent/Props/SM_GlassWindow.uasset" 845
"../../../../Speed_Hacker 4.25/Content/StarterContent/Props/SM_PillarFrame.uasset" 846
"../../../../Speed_Hacker 4.25/Content/StarterContent/Props/SM_PillarFrame300.uasset" 847
"../../../../Speed_Hacker 4.25/Content/StarterContent/Props/SM_WindowFrame.uasset" 848
"../../../../Speed_Hacker 4.25/Content/StarterContent/Shapes/Shape_Cube.uasset" 849
"../../../../Speed_Hacker 4.25/Content/StarterContent/Shapes/Shape_QuadPyramid.uasset" 850
"../../../../Speed_Hacker 4.25/Content/StarterContent/Shapes/Shape_Sphere.uasset" 851
"../../../../Speed_Hacker 4.25/Content/StarterContent/Maps/StarterMap.umap" 852
"../../../Engine/Content/Maps/Entry_BuiltData.uasset" 853
"../../../Engine/Content/Maps/Entry.umap" 854
